[0.010s] Invoking command in '/workspace/yolo_inference/build/custom_interfaces': CMAKE_PREFIX_PATH=${CMAKE_PREFIX_PATH}:/opt/ros/humble /usr/bin/cmake /workspace/yolo_inference/src/custom_interfaces -DCMAKE_INSTALL_PREFIX=/workspace/yolo_inference/install/custom_interfaces
[0.068s] -- The C compiler identification is GNU 11.4.0
[0.123s] -- The CXX compiler identification is GNU 11.4.0
[0.130s] -- Detecting C compiler ABI info
[0.206s] -- Detecting C compiler ABI info - done
[0.212s] -- Check for working C compiler: /usr/bin/cc - skipped
[0.212s] -- Detecting C compile features
[0.212s] -- Detecting C compile features - done
[0.215s] -- Detecting CXX compiler ABI info
[0.299s] -- Detecting CXX compiler ABI info - done
[0.305s] -- Check for working CXX compiler: /usr/bin/c++ - skipped
[0.305s] -- Detecting CXX compile features
[0.306s] -- Detecting CXX compile features - done
[0.309s] -- Found ament_cmake: 1.3.11 (/opt/ros/humble/share/ament_cmake/cmake)
[0.642s] -- Found Python3: /usr/bin/python3 (found version "3.10.12") found components: Interpreter 
[0.730s] -- Found std_msgs: 4.8.0 (/opt/ros/humble/share/std_msgs/cmake)
[0.764s] -- Found rosidl_generator_c: 3.1.6 (/opt/ros/humble/share/rosidl_generator_c/cmake)
[0.769s] -- Found rosidl_adapter: 3.1.6 (/opt/ros/humble/share/rosidl_adapter/cmake)
[0.777s] -- Found rosidl_generator_cpp: 3.1.6 (/opt/ros/humble/share/rosidl_generator_cpp/cmake)
[0.788s] -- Using all available rosidl_typesupport_c: rosidl_typesupport_fastrtps_c;rosidl_typesupport_introspection_c
[0.803s] -- Using all available rosidl_typesupport_cpp: rosidl_typesupport_fastrtps_cpp;rosidl_typesupport_introspection_cpp
[0.827s] -- Found geometry_msgs: 4.8.0 (/opt/ros/humble/share/geometry_msgs/cmake)
[0.837s] -- Found rosidl_default_generators: 1.2.0 (/opt/ros/humble/share/rosidl_default_generators/cmake)
[0.845s] -- Found ament_lint_auto: 0.12.12 (/opt/ros/humble/share/ament_lint_auto/cmake)
[1.090s] -- Found ament_cmake_ros: 0.10.0 (/opt/ros/humble/share/ament_cmake_ros/cmake)
[1.467s] -- Using all available rosidl_typesupport_c: rosidl_typesupport_fastrtps_c;rosidl_typesupport_introspection_c
[1.611s] -- Using all available rosidl_typesupport_cpp: rosidl_typesupport_fastrtps_cpp;rosidl_typesupport_introspection_cpp
[1.633s] -- Found PythonInterp: /usr/bin/python3 (found suitable version "3.10.12", minimum required is "3.6") 
[1.635s] -- Found python_cmake_module: 0.10.0 (/opt/ros/humble/share/python_cmake_module/cmake)
[1.658s] -- Found PythonLibs: /usr/lib/x86_64-linux-gnu/libpython3.10.so (found suitable version "3.10.12", minimum required is "3.5") 
[1.658s] -- Using PYTHON_EXECUTABLE: /usr/bin/python3
[1.658s] -- Using PYTHON_INCLUDE_DIRS: /usr/include/python3.10
[1.658s] -- Using PYTHON_LIBRARIES: /usr/lib/x86_64-linux-gnu/libpython3.10.so
[1.676s] -- Found PythonExtra: .so  
[1.737s] -- Configuring done
[1.769s] -- Generating done
[1.779s] -- Build files have been written to: /workspace/yolo_inference/build/custom_interfaces
[1.788s] Invoked command in '/workspace/yolo_inference/build/custom_interfaces' returned '0': CMAKE_PREFIX_PATH=${CMAKE_PREFIX_PATH}:/opt/ros/humble /usr/bin/cmake /workspace/yolo_inference/src/custom_interfaces -DCMAKE_INSTALL_PREFIX=/workspace/yolo_inference/install/custom_interfaces
[1.790s] Invoking command in '/workspace/yolo_inference/build/custom_interfaces': CMAKE_PREFIX_PATH=${CMAKE_PREFIX_PATH}:/opt/ros/humble /usr/bin/cmake --build /workspace/yolo_inference/build/custom_interfaces -- -j16 -l16
[1.832s] [  3%] [34m[1mGenerating C code for ROS interfaces[0m
[1.842s] [  6%] [34m[1mGenerating C++ code for ROS interfaces[0m
[1.851s] [  6%] Built target ament_cmake_python_copy_custom_interfaces
[2.021s] [  6%] Built target custom_interfaces__cpp
[2.022s] [  9%] [32mBuilding C object CMakeFiles/custom_interfaces__rosidl_generator_c.dir/rosidl_generator_c/custom_interfaces/msg/detail/hook_status__functions.c.o[0m
[2.032s] [ 19%] [34m[1mGenerating C++ introspection for ROS interfaces[0m
[2.032s] [ 19%] [34m[1mGenerating C++ type support for eProsima Fast-RTPS[0m
[2.032s] [ 19%] [34m[1mGenerating C++ type support dispatch for ROS interfaces[0m
[2.037s] running egg_info
[2.053s] creating custom_interfaces.egg-info
[2.053s] writing custom_interfaces.egg-info/PKG-INFO
[2.053s] writing dependency_links to custom_interfaces.egg-info/dependency_links.txt
[2.053s] writing top-level names to custom_interfaces.egg-info/top_level.txt
[2.054s] writing manifest file 'custom_interfaces.egg-info/SOURCES.txt'
[2.065s] [ 22%] [32m[1mLinking C shared library libcustom_interfaces__rosidl_generator_c.so[0m
[2.099s] reading manifest file 'custom_interfaces.egg-info/SOURCES.txt'
[2.100s] writing manifest file 'custom_interfaces.egg-info/SOURCES.txt'
[2.104s] [ 22%] Built target custom_interfaces__rosidl_generator_c
[2.118s] [ 32%] [34m[1mGenerating C introspection for ROS interfaces[0m
[2.118s] [ 32%] [34m[1mGenerating C type support for eProsima Fast-RTPS[0m
[2.118s] [ 32%] [34m[1mGenerating C type support dispatch for ROS interfaces[0m
[2.138s] [ 32%] Built target ament_cmake_python_build_custom_interfaces_egg
[2.204s] [ 35%] [32mBuilding CXX object CMakeFiles/custom_interfaces__rosidl_typesupport_cpp.dir/rosidl_typesupport_cpp/custom_interfaces/msg/hook_status__type_support.cpp.o[0m
[2.214s] [ 38%] [32mBuilding CXX object CMakeFiles/custom_interfaces__rosidl_typesupport_introspection_cpp.dir/rosidl_typesupport_introspection_cpp/custom_interfaces/msg/detail/hook_status__type_support.cpp.o[0m
[2.218s] [ 41%] [32mBuilding CXX object CMakeFiles/custom_interfaces__rosidl_typesupport_fastrtps_cpp.dir/rosidl_typesupport_fastrtps_cpp/custom_interfaces/msg/detail/dds_fastrtps/hook_status__type_support.cpp.o[0m
[2.290s] [ 45%] [32mBuilding CXX object CMakeFiles/custom_interfaces__rosidl_typesupport_c.dir/rosidl_typesupport_c/custom_interfaces/msg/hook_status__type_support.cpp.o[0m
[2.309s] [ 48%] [32mBuilding CXX object CMakeFiles/custom_interfaces__rosidl_typesupport_fastrtps_c.dir/rosidl_typesupport_fastrtps_c/custom_interfaces/msg/detail/hook_status__type_support_c.cpp.o[0m
[2.310s] [ 51%] [32mBuilding C object CMakeFiles/custom_interfaces__rosidl_typesupport_introspection_c.dir/rosidl_typesupport_introspection_c/custom_interfaces/msg/detail/hook_status__type_support.c.o[0m
[2.324s] [ 54%] [32m[1mLinking CXX shared library libcustom_interfaces__rosidl_typesupport_c.so[0m
[2.345s] [ 58%] [32m[1mLinking C shared library libcustom_interfaces__rosidl_typesupport_introspection_c.so[0m
[2.365s] [ 58%] Built target custom_interfaces__rosidl_typesupport_c
[2.378s] [ 58%] Built target custom_interfaces__rosidl_typesupport_introspection_c
[2.426s] [ 61%] [32m[1mLinking CXX shared library libcustom_interfaces__rosidl_typesupport_cpp.so[0m
[2.466s] [ 61%] Built target custom_interfaces__rosidl_typesupport_cpp
[2.518s] [ 64%] [32m[1mLinking CXX shared library libcustom_interfaces__rosidl_typesupport_introspection_cpp.so[0m
[2.531s] [ 67%] [32m[1mLinking CXX shared library libcustom_interfaces__rosidl_typesupport_fastrtps_cpp.so[0m
[2.577s] [ 67%] Built target custom_interfaces__rosidl_typesupport_introspection_cpp
[2.580s] [ 70%] [32m[1mLinking CXX shared library libcustom_interfaces__rosidl_typesupport_fastrtps_c.so[0m
[2.600s] [ 70%] Built target custom_interfaces__rosidl_typesupport_fastrtps_cpp
[2.643s] [ 70%] Built target custom_interfaces__rosidl_typesupport_fastrtps_c
[2.663s] [ 70%] Built target custom_interfaces
[2.684s] [ 74%] [34m[1mGenerating Python code for ROS interfaces[0m
[2.882s] [ 74%] Built target custom_interfaces__py
[2.903s] [ 77%] [32mBuilding C object CMakeFiles/custom_interfaces__rosidl_generator_py.dir/rosidl_generator_py/custom_interfaces/msg/_hook_status_s.c.o[0m
[2.984s] [ 80%] [32m[1mLinking C shared library rosidl_generator_py/custom_interfaces/libcustom_interfaces__rosidl_generator_py.so[0m
[3.022s] [ 80%] Built target custom_interfaces__rosidl_generator_py
[3.043s] [ 90%] [32mBuilding C object CMakeFiles/custom_interfaces__rosidl_typesupport_introspection_c__pyext.dir/rosidl_generator_py/custom_interfaces/_custom_interfaces_s.ep.rosidl_typesupport_introspection_c.c.o[0m
[3.043s] [ 90%] [32mBuilding C object CMakeFiles/custom_interfaces__rosidl_typesupport_c__pyext.dir/rosidl_generator_py/custom_interfaces/_custom_interfaces_s.ep.rosidl_typesupport_c.c.o[0m
[3.043s] [ 90%] [32mBuilding C object CMakeFiles/custom_interfaces__rosidl_typesupport_fastrtps_c__pyext.dir/rosidl_generator_py/custom_interfaces/_custom_interfaces_s.ep.rosidl_typesupport_fastrtps_c.c.o[0m
[3.129s] [ 96%] [32m[1mLinking C shared library rosidl_generator_py/custom_interfaces/custom_interfaces_s__rosidl_typesupport_introspection_c.cpython-310-x86_64-linux-gnu.so[0m
[3.129s] [ 96%] [32m[1mLinking C shared library rosidl_generator_py/custom_interfaces/custom_interfaces_s__rosidl_typesupport_c.cpython-310-x86_64-linux-gnu.so[0m
[3.130s] [100%] [32m[1mLinking C shared library rosidl_generator_py/custom_interfaces/custom_interfaces_s__rosidl_typesupport_fastrtps_c.cpython-310-x86_64-linux-gnu.so[0m
[3.168s] [100%] Built target custom_interfaces__rosidl_typesupport_c__pyext
[3.168s] [100%] Built target custom_interfaces__rosidl_typesupport_introspection_c__pyext
[3.168s] [100%] Built target custom_interfaces__rosidl_typesupport_fastrtps_c__pyext
[3.180s] Invoked command in '/workspace/yolo_inference/build/custom_interfaces' returned '0': CMAKE_PREFIX_PATH=${CMAKE_PREFIX_PATH}:/opt/ros/humble /usr/bin/cmake --build /workspace/yolo_inference/build/custom_interfaces -- -j16 -l16
[3.189s] Invoking command in '/workspace/yolo_inference/build/custom_interfaces': CMAKE_PREFIX_PATH=${CMAKE_PREFIX_PATH}:/opt/ros/humble /usr/bin/cmake --install /workspace/yolo_inference/build/custom_interfaces
[3.196s] -- Install configuration: ""
[3.197s] -- Installing: /workspace/yolo_inference/install/custom_interfaces/share/ament_index/resource_index/rosidl_interfaces/custom_interfaces
[3.197s] -- Installing: /workspace/yolo_inference/install/custom_interfaces/include/custom_interfaces/custom_interfaces
[3.197s] -- Installing: /workspace/yolo_inference/install/custom_interfaces/include/custom_interfaces/custom_interfaces/msg
[3.197s] -- Installing: /workspace/yolo_inference/install/custom_interfaces/include/custom_interfaces/custom_interfaces/msg/rosidl_generator_c__visibility_control.h
[3.197s] -- Installing: /workspace/yolo_inference/install/custom_interfaces/include/custom_interfaces/custom_interfaces/msg/hook_status.h
[3.197s] -- Installing: /workspace/yolo_inference/install/custom_interfaces/include/custom_interfaces/custom_interfaces/msg/detail
[3.197s] -- Installing: /workspace/yolo_inference/install/custom_interfaces/include/custom_interfaces/custom_interfaces/msg/detail/hook_status__functions.h
[3.198s] -- Installing: /workspace/yolo_inference/install/custom_interfaces/include/custom_interfaces/custom_interfaces/msg/detail/hook_status__struct.h
[3.198s] -- Installing: /workspace/yolo_inference/install/custom_interfaces/include/custom_interfaces/custom_interfaces/msg/detail/hook_status__type_support.h
[3.198s] -- Installing: /workspace/yolo_inference/install/custom_interfaces/include/custom_interfaces/custom_interfaces/msg/detail/hook_status__functions.c
[3.198s] -- Installing: /workspace/yolo_inference/install/custom_interfaces/share/custom_interfaces/environment/library_path.sh
[3.198s] -- Installing: /workspace/yolo_inference/install/custom_interfaces/share/custom_interfaces/environment/library_path.dsv
[3.199s] -- Installing: /workspace/yolo_inference/install/custom_interfaces/lib/libcustom_interfaces__rosidl_generator_c.so
[3.199s] -- Set runtime path of "/workspace/yolo_inference/install/custom_interfaces/lib/libcustom_interfaces__rosidl_generator_c.so" to ""
[3.199s] -- Up-to-date: /workspace/yolo_inference/install/custom_interfaces/include/custom_interfaces/custom_interfaces
[3.199s] -- Up-to-date: /workspace/yolo_inference/install/custom_interfaces/include/custom_interfaces/custom_interfaces/msg
[3.200s] -- Installing: /workspace/yolo_inference/install/custom_interfaces/include/custom_interfaces/custom_interfaces/msg/rosidl_typesupport_fastrtps_c__visibility_control.h
[3.200s] -- Up-to-date: /workspace/yolo_inference/install/custom_interfaces/include/custom_interfaces/custom_interfaces/msg/detail
[3.200s] -- Installing: /workspace/yolo_inference/install/custom_interfaces/include/custom_interfaces/custom_interfaces/msg/detail/hook_status__rosidl_typesupport_fastrtps_c.h
[3.200s] -- Installing: /workspace/yolo_inference/install/custom_interfaces/lib/libcustom_interfaces__rosidl_typesupport_fastrtps_c.so
[3.200s] -- Set runtime path of "/workspace/yolo_inference/install/custom_interfaces/lib/libcustom_interfaces__rosidl_typesupport_fastrtps_c.so" to ""
[3.200s] -- Up-to-date: /workspace/yolo_inference/install/custom_interfaces/include/custom_interfaces/custom_interfaces
[3.200s] -- Up-to-date: /workspace/yolo_inference/install/custom_interfaces/include/custom_interfaces/custom_interfaces/msg
[3.200s] -- Installing: /workspace/yolo_inference/install/custom_interfaces/include/custom_interfaces/custom_interfaces/msg/hook_status.hpp
[3.200s] -- Installing: /workspace/yolo_inference/install/custom_interfaces/include/custom_interfaces/custom_interfaces/msg/rosidl_generator_cpp__visibility_control.hpp
[3.201s] -- Up-to-date: /workspace/yolo_inference/install/custom_interfaces/include/custom_interfaces/custom_interfaces/msg/detail
[3.201s] -- Installing: /workspace/yolo_inference/install/custom_interfaces/include/custom_interfaces/custom_interfaces/msg/detail/hook_status__traits.hpp
[3.201s] -- Installing: /workspace/yolo_inference/install/custom_interfaces/include/custom_interfaces/custom_interfaces/msg/detail/hook_status__builder.hpp
[3.201s] -- Installing: /workspace/yolo_inference/install/custom_interfaces/include/custom_interfaces/custom_interfaces/msg/detail/hook_status__type_support.hpp
[3.201s] -- Installing: /workspace/yolo_inference/install/custom_interfaces/include/custom_interfaces/custom_interfaces/msg/detail/hook_status__struct.hpp
[3.201s] -- Up-to-date: /workspace/yolo_inference/install/custom_interfaces/include/custom_interfaces/custom_interfaces
[3.201s] -- Up-to-date: /workspace/yolo_inference/install/custom_interfaces/include/custom_interfaces/custom_interfaces/msg
[3.201s] -- Installing: /workspace/yolo_inference/install/custom_interfaces/include/custom_interfaces/custom_interfaces/msg/rosidl_typesupport_fastrtps_cpp__visibility_control.h
[3.202s] -- Up-to-date: /workspace/yolo_inference/install/custom_interfaces/include/custom_interfaces/custom_interfaces/msg/detail
[3.202s] -- Installing: /workspace/yolo_inference/install/custom_interfaces/include/custom_interfaces/custom_interfaces/msg/detail/hook_status__rosidl_typesupport_fastrtps_cpp.hpp
[3.202s] -- Installing: /workspace/yolo_inference/install/custom_interfaces/include/custom_interfaces/custom_interfaces/msg/detail/dds_fastrtps
[3.202s] -- Installing: /workspace/yolo_inference/install/custom_interfaces/lib/libcustom_interfaces__rosidl_typesupport_fastrtps_cpp.so
[3.202s] -- Set runtime path of "/workspace/yolo_inference/install/custom_interfaces/lib/libcustom_interfaces__rosidl_typesupport_fastrtps_cpp.so" to ""
[3.202s] -- Up-to-date: /workspace/yolo_inference/install/custom_interfaces/include/custom_interfaces/custom_interfaces
[3.202s] -- Up-to-date: /workspace/yolo_inference/install/custom_interfaces/include/custom_interfaces/custom_interfaces/msg
[3.202s] -- Installing: /workspace/yolo_inference/install/custom_interfaces/include/custom_interfaces/custom_interfaces/msg/rosidl_typesupport_introspection_c__visibility_control.h
[3.202s] -- Up-to-date: /workspace/yolo_inference/install/custom_interfaces/include/custom_interfaces/custom_interfaces/msg/detail
[3.202s] -- Installing: /workspace/yolo_inference/install/custom_interfaces/include/custom_interfaces/custom_interfaces/msg/detail/hook_status__type_support.c
[3.203s] -- Installing: /workspace/yolo_inference/install/custom_interfaces/include/custom_interfaces/custom_interfaces/msg/detail/hook_status__rosidl_typesupport_introspection_c.h
[3.203s] -- Installing: /workspace/yolo_inference/install/custom_interfaces/lib/libcustom_interfaces__rosidl_typesupport_introspection_c.so
[3.203s] -- Set runtime path of "/workspace/yolo_inference/install/custom_interfaces/lib/libcustom_interfaces__rosidl_typesupport_introspection_c.so" to ""
[3.203s] -- Installing: /workspace/yolo_inference/install/custom_interfaces/lib/libcustom_interfaces__rosidl_typesupport_c.so
[3.204s] -- Set runtime path of "/workspace/yolo_inference/install/custom_interfaces/lib/libcustom_interfaces__rosidl_typesupport_c.so" to ""
[3.204s] -- Up-to-date: /workspace/yolo_inference/install/custom_interfaces/include/custom_interfaces/custom_interfaces
[3.204s] -- Up-to-date: /workspace/yolo_inference/install/custom_interfaces/include/custom_interfaces/custom_interfaces/msg
[3.204s] -- Up-to-date: /workspace/yolo_inference/install/custom_interfaces/include/custom_interfaces/custom_interfaces/msg/detail
[3.204s] -- Installing: /workspace/yolo_inference/install/custom_interfaces/include/custom_interfaces/custom_interfaces/msg/detail/hook_status__type_support.cpp
[3.204s] -- Installing: /workspace/yolo_inference/install/custom_interfaces/include/custom_interfaces/custom_interfaces/msg/detail/hook_status__rosidl_typesupport_introspection_cpp.hpp
[3.204s] -- Installing: /workspace/yolo_inference/install/custom_interfaces/lib/libcustom_interfaces__rosidl_typesupport_introspection_cpp.so
[3.204s] -- Set runtime path of "/workspace/yolo_inference/install/custom_interfaces/lib/libcustom_interfaces__rosidl_typesupport_introspection_cpp.so" to ""
[3.205s] -- Installing: /workspace/yolo_inference/install/custom_interfaces/lib/libcustom_interfaces__rosidl_typesupport_cpp.so
[3.205s] -- Set runtime path of "/workspace/yolo_inference/install/custom_interfaces/lib/libcustom_interfaces__rosidl_typesupport_cpp.so" to ""
[3.205s] -- Installing: /workspace/yolo_inference/install/custom_interfaces/share/custom_interfaces/environment/pythonpath.sh
[3.205s] -- Installing: /workspace/yolo_inference/install/custom_interfaces/share/custom_interfaces/environment/pythonpath.dsv
[3.205s] -- Installing: /workspace/yolo_inference/install/custom_interfaces/local/lib/python3.10/dist-packages/custom_interfaces-0.0.0-py3.10.egg-info
[3.206s] -- Installing: /workspace/yolo_inference/install/custom_interfaces/local/lib/python3.10/dist-packages/custom_interfaces-0.0.0-py3.10.egg-info/SOURCES.txt
[3.206s] -- Installing: /workspace/yolo_inference/install/custom_interfaces/local/lib/python3.10/dist-packages/custom_interfaces-0.0.0-py3.10.egg-info/PKG-INFO
[3.206s] -- Installing: /workspace/yolo_inference/install/custom_interfaces/local/lib/python3.10/dist-packages/custom_interfaces-0.0.0-py3.10.egg-info/top_level.txt
[3.206s] -- Installing: /workspace/yolo_inference/install/custom_interfaces/local/lib/python3.10/dist-packages/custom_interfaces-0.0.0-py3.10.egg-info/dependency_links.txt
[3.206s] -- Installing: /workspace/yolo_inference/install/custom_interfaces/local/lib/python3.10/dist-packages/custom_interfaces
[3.207s] -- Installing: /workspace/yolo_inference/install/custom_interfaces/local/lib/python3.10/dist-packages/custom_interfaces/custom_interfaces_s__rosidl_typesupport_fastrtps_c.cpython-310-x86_64-linux-gnu.so
[3.207s] -- Installing: /workspace/yolo_inference/install/custom_interfaces/local/lib/python3.10/dist-packages/custom_interfaces/_custom_interfaces_s.ep.rosidl_typesupport_fastrtps_c.c
[3.207s] -- Installing: /workspace/yolo_inference/install/custom_interfaces/local/lib/python3.10/dist-packages/custom_interfaces/custom_interfaces_s__rosidl_typesupport_introspection_c.cpython-310-x86_64-linux-gnu.so
[3.207s] -- Installing: /workspace/yolo_inference/install/custom_interfaces/local/lib/python3.10/dist-packages/custom_interfaces/msg
[3.207s] -- Installing: /workspace/yolo_inference/install/custom_interfaces/local/lib/python3.10/dist-packages/custom_interfaces/msg/_hook_status.py
[3.207s] -- Installing: /workspace/yolo_inference/install/custom_interfaces/local/lib/python3.10/dist-packages/custom_interfaces/msg/_hook_status_s.c
[3.207s] -- Installing: /workspace/yolo_inference/install/custom_interfaces/local/lib/python3.10/dist-packages/custom_interfaces/msg/__init__.py
[3.207s] -- Installing: /workspace/yolo_inference/install/custom_interfaces/local/lib/python3.10/dist-packages/custom_interfaces/_custom_interfaces_s.ep.rosidl_typesupport_c.c
[3.207s] -- Installing: /workspace/yolo_inference/install/custom_interfaces/local/lib/python3.10/dist-packages/custom_interfaces/__init__.py
[3.207s] -- Installing: /workspace/yolo_inference/install/custom_interfaces/local/lib/python3.10/dist-packages/custom_interfaces/_custom_interfaces_s.ep.rosidl_typesupport_introspection_c.c
[3.208s] -- Installing: /workspace/yolo_inference/install/custom_interfaces/local/lib/python3.10/dist-packages/custom_interfaces/custom_interfaces_s__rosidl_typesupport_c.cpython-310-x86_64-linux-gnu.so
[3.208s] -- Installing: /workspace/yolo_inference/install/custom_interfaces/local/lib/python3.10/dist-packages/custom_interfaces/libcustom_interfaces__rosidl_generator_py.so
[3.237s] Listing '/workspace/yolo_inference/install/custom_interfaces/local/lib/python3.10/dist-packages/custom_interfaces'...
[3.237s] Compiling '/workspace/yolo_inference/install/custom_interfaces/local/lib/python3.10/dist-packages/custom_interfaces/__init__.py'...
[3.237s] Listing '/workspace/yolo_inference/install/custom_interfaces/local/lib/python3.10/dist-packages/custom_interfaces/msg'...
[3.237s] Compiling '/workspace/yolo_inference/install/custom_interfaces/local/lib/python3.10/dist-packages/custom_interfaces/msg/__init__.py'...
[3.237s] Compiling '/workspace/yolo_inference/install/custom_interfaces/local/lib/python3.10/dist-packages/custom_interfaces/msg/_hook_status.py'...
[3.240s] -- Installing: /workspace/yolo_inference/install/custom_interfaces/local/lib/python3.10/dist-packages/custom_interfaces/custom_interfaces_s__rosidl_typesupport_fastrtps_c.cpython-310-x86_64-linux-gnu.so
[3.241s] -- Set runtime path of "/workspace/yolo_inference/install/custom_interfaces/local/lib/python3.10/dist-packages/custom_interfaces/custom_interfaces_s__rosidl_typesupport_fastrtps_c.cpython-310-x86_64-linux-gnu.so" to ""
[3.241s] -- Installing: /workspace/yolo_inference/install/custom_interfaces/local/lib/python3.10/dist-packages/custom_interfaces/custom_interfaces_s__rosidl_typesupport_introspection_c.cpython-310-x86_64-linux-gnu.so
[3.241s] -- Set runtime path of "/workspace/yolo_inference/install/custom_interfaces/local/lib/python3.10/dist-packages/custom_interfaces/custom_interfaces_s__rosidl_typesupport_introspection_c.cpython-310-x86_64-linux-gnu.so" to ""
[3.241s] -- Installing: /workspace/yolo_inference/install/custom_interfaces/local/lib/python3.10/dist-packages/custom_interfaces/custom_interfaces_s__rosidl_typesupport_c.cpython-310-x86_64-linux-gnu.so
[3.242s] -- Set runtime path of "/workspace/yolo_inference/install/custom_interfaces/local/lib/python3.10/dist-packages/custom_interfaces/custom_interfaces_s__rosidl_typesupport_c.cpython-310-x86_64-linux-gnu.so" to ""
[3.242s] -- Installing: /workspace/yolo_inference/install/custom_interfaces/lib/libcustom_interfaces__rosidl_generator_py.so
[3.242s] -- Set runtime path of "/workspace/yolo_inference/install/custom_interfaces/lib/libcustom_interfaces__rosidl_generator_py.so" to ""
[3.242s] -- Installing: /workspace/yolo_inference/install/custom_interfaces/share/custom_interfaces/msg/HookStatus.idl
[3.242s] -- Installing: /workspace/yolo_inference/install/custom_interfaces/share/custom_interfaces/msg/HookStatus.msg
[3.243s] -- Installing: /workspace/yolo_inference/install/custom_interfaces/share/ament_index/resource_index/package_run_dependencies/custom_interfaces
[3.243s] -- Installing: /workspace/yolo_inference/install/custom_interfaces/share/ament_index/resource_index/parent_prefix_path/custom_interfaces
[3.243s] -- Installing: /workspace/yolo_inference/install/custom_interfaces/share/custom_interfaces/environment/ament_prefix_path.sh
[3.243s] -- Installing: /workspace/yolo_inference/install/custom_interfaces/share/custom_interfaces/environment/ament_prefix_path.dsv
[3.243s] -- Installing: /workspace/yolo_inference/install/custom_interfaces/share/custom_interfaces/environment/path.sh
[3.243s] -- Installing: /workspace/yolo_inference/install/custom_interfaces/share/custom_interfaces/environment/path.dsv
[3.244s] -- Installing: /workspace/yolo_inference/install/custom_interfaces/share/custom_interfaces/local_setup.bash
[3.244s] -- Installing: /workspace/yolo_inference/install/custom_interfaces/share/custom_interfaces/local_setup.sh
[3.244s] -- Installing: /workspace/yolo_inference/install/custom_interfaces/share/custom_interfaces/local_setup.zsh
[3.244s] -- Installing: /workspace/yolo_inference/install/custom_interfaces/share/custom_interfaces/local_setup.dsv
[3.244s] -- Installing: /workspace/yolo_inference/install/custom_interfaces/share/custom_interfaces/package.dsv
[3.244s] -- Installing: /workspace/yolo_inference/install/custom_interfaces/share/ament_index/resource_index/packages/custom_interfaces
[3.245s] -- Installing: /workspace/yolo_inference/install/custom_interfaces/share/custom_interfaces/cmake/export_custom_interfaces__rosidl_generator_cExport.cmake
[3.245s] -- Installing: /workspace/yolo_inference/install/custom_interfaces/share/custom_interfaces/cmake/export_custom_interfaces__rosidl_generator_cExport-noconfig.cmake
[3.245s] -- Installing: /workspace/yolo_inference/install/custom_interfaces/share/custom_interfaces/cmake/export_custom_interfaces__rosidl_typesupport_fastrtps_cExport.cmake
[3.245s] -- Installing: /workspace/yolo_inference/install/custom_interfaces/share/custom_interfaces/cmake/export_custom_interfaces__rosidl_typesupport_fastrtps_cExport-noconfig.cmake
[3.245s] -- Installing: /workspace/yolo_inference/install/custom_interfaces/share/custom_interfaces/cmake/export_custom_interfaces__rosidl_generator_cppExport.cmake
[3.246s] -- Installing: /workspace/yolo_inference/install/custom_interfaces/share/custom_interfaces/cmake/export_custom_interfaces__rosidl_typesupport_fastrtps_cppExport.cmake
[3.246s] -- Installing: /workspace/yolo_inference/install/custom_interfaces/share/custom_interfaces/cmake/export_custom_interfaces__rosidl_typesupport_fastrtps_cppExport-noconfig.cmake
[3.246s] -- Installing: /workspace/yolo_inference/install/custom_interfaces/share/custom_interfaces/cmake/custom_interfaces__rosidl_typesupport_introspection_cExport.cmake
[3.246s] -- Installing: /workspace/yolo_inference/install/custom_interfaces/share/custom_interfaces/cmake/custom_interfaces__rosidl_typesupport_introspection_cExport-noconfig.cmake
[3.246s] -- Installing: /workspace/yolo_inference/install/custom_interfaces/share/custom_interfaces/cmake/custom_interfaces__rosidl_typesupport_cExport.cmake
[3.246s] -- Installing: /workspace/yolo_inference/install/custom_interfaces/share/custom_interfaces/cmake/custom_interfaces__rosidl_typesupport_cExport-noconfig.cmake
[3.247s] -- Installing: /workspace/yolo_inference/install/custom_interfaces/share/custom_interfaces/cmake/custom_interfaces__rosidl_typesupport_introspection_cppExport.cmake
[3.247s] -- Installing: /workspace/yolo_inference/install/custom_interfaces/share/custom_interfaces/cmake/custom_interfaces__rosidl_typesupport_introspection_cppExport-noconfig.cmake
[3.247s] -- Installing: /workspace/yolo_inference/install/custom_interfaces/share/custom_interfaces/cmake/custom_interfaces__rosidl_typesupport_cppExport.cmake
[3.247s] -- Installing: /workspace/yolo_inference/install/custom_interfaces/share/custom_interfaces/cmake/custom_interfaces__rosidl_typesupport_cppExport-noconfig.cmake
[3.247s] -- Installing: /workspace/yolo_inference/install/custom_interfaces/share/custom_interfaces/cmake/export_custom_interfaces__rosidl_generator_pyExport.cmake
[3.248s] -- Installing: /workspace/yolo_inference/install/custom_interfaces/share/custom_interfaces/cmake/export_custom_interfaces__rosidl_generator_pyExport-noconfig.cmake
[3.248s] -- Installing: /workspace/yolo_inference/install/custom_interfaces/share/custom_interfaces/cmake/rosidl_cmake-extras.cmake
[3.248s] -- Installing: /workspace/yolo_inference/install/custom_interfaces/share/custom_interfaces/cmake/ament_cmake_export_dependencies-extras.cmake
[3.248s] -- Installing: /workspace/yolo_inference/install/custom_interfaces/share/custom_interfaces/cmake/ament_cmake_export_include_directories-extras.cmake
[3.248s] -- Installing: /workspace/yolo_inference/install/custom_interfaces/share/custom_interfaces/cmake/ament_cmake_export_libraries-extras.cmake
[3.249s] -- Installing: /workspace/yolo_inference/install/custom_interfaces/share/custom_interfaces/cmake/ament_cmake_export_targets-extras.cmake
[3.249s] -- Installing: /workspace/yolo_inference/install/custom_interfaces/share/custom_interfaces/cmake/rosidl_cmake_export_typesupport_targets-extras.cmake
[3.249s] -- Installing: /workspace/yolo_inference/install/custom_interfaces/share/custom_interfaces/cmake/rosidl_cmake_export_typesupport_libraries-extras.cmake
[3.250s] -- Installing: /workspace/yolo_inference/install/custom_interfaces/share/custom_interfaces/cmake/custom_interfacesConfig.cmake
[3.250s] -- Installing: /workspace/yolo_inference/install/custom_interfaces/share/custom_interfaces/cmake/custom_interfacesConfig-version.cmake
[3.250s] -- Installing: /workspace/yolo_inference/install/custom_interfaces/share/custom_interfaces/package.xml
[3.253s] Invoked command in '/workspace/yolo_inference/build/custom_interfaces' returned '0': CMAKE_PREFIX_PATH=${CMAKE_PREFIX_PATH}:/opt/ros/humble /usr/bin/cmake --install /workspace/yolo_inference/build/custom_interfaces
