-- Found ament_cmake: 1.3.11 (/opt/ros/humble/share/ament_cmake/cmake)
-- Found std_msgs: 4.8.0 (/opt/ros/humble/share/std_msgs/cmake)
-- Found rosidl_generator_c: 3.1.6 (/opt/ros/humble/share/rosidl_generator_c/cmake)
-- Found rosidl_adapter: 3.1.6 (/opt/ros/humble/share/rosidl_adapter/cmake)
-- Found rosidl_generator_cpp: 3.1.6 (/opt/ros/humble/share/rosidl_generator_cpp/cmake)
-- Using all available rosidl_typesupport_c: rosidl_typesupport_fastrtps_c;rosidl_typesupport_introspection_c
-- Using all available rosidl_typesupport_cpp: rosidl_typesupport_fastrtps_cpp;rosidl_typesupport_introspection_cpp
-- Found geometry_msgs: 4.8.0 (/opt/ros/humble/share/geometry_msgs/cmake)
-- Found rosidl_default_generators: 1.2.0 (/opt/ros/humble/share/rosidl_default_generators/cmake)
-- Found ament_lint_auto: 0.12.12 (/opt/ros/humble/share/ament_lint_auto/cmake)
-- Found ament_cmake_ros: 0.10.0 (/opt/ros/humble/share/ament_cmake_ros/cmake)
-- Using all available rosidl_typesupport_c: rosidl_typesupport_fastrtps_c;rosidl_typesupport_introspection_c
-- Using all available rosidl_typesupport_cpp: rosidl_typesupport_fastrtps_cpp;rosidl_typesupport_introspection_cpp
-- Found PythonInterp: /usr/bin/python3 (found suitable version "3.10.12", minimum required is "3.6") 
-- Found python_cmake_module: 0.10.0 (/opt/ros/humble/share/python_cmake_module/cmake)
-- Found PythonLibs: /usr/lib/x86_64-linux-gnu/libpython3.10.so (found suitable version "3.10.12", minimum required is "3.5") 
-- Using PYTHON_EXECUTABLE: /usr/bin/python3
-- Using PYTHON_INCLUDE_DIRS: /usr/include/python3.10
-- Using PYTHON_LIBRARIES: /usr/lib/x86_64-linux-gnu/libpython3.10.so
-- Found PythonExtra: .so  
-- Configuring done
-- Generating done
-- Build files have been written to: /workspace/yolo_inference/build/traffic_information_msgs
[  3%] [34m[1mGenerating C code for ROS interfaces[0m
[  6%] [34m[1mGenerating C++ code for ROS interfaces[0m
[  6%] Built target ament_cmake_python_copy_traffic_information_msgs
[  6%] Built target traffic_information_msgs__cpp
[ 19%] [32mBuilding C object CMakeFiles/traffic_information_msgs__rosidl_generator_c.dir/rosidl_generator_c/traffic_information_msgs/msg/detail/hook_status__functions.c.o[0m
[ 19%] [34m[1mGenerating C++ introspection for ROS interfaces[0m
[ 19%] [34m[1mGenerating C++ type support dispatch for ROS interfaces[0m
[ 19%] [34m[1mGenerating C++ type support for eProsima Fast-RTPS[0m
running egg_info
creating traffic_information_msgs.egg-info
writing traffic_information_msgs.egg-info/PKG-INFO
writing dependency_links to traffic_information_msgs.egg-info/dependency_links.txt
writing top-level names to traffic_information_msgs.egg-info/top_level.txt
writing manifest file 'traffic_information_msgs.egg-info/SOURCES.txt'
[ 22%] [32m[1mLinking C shared library libtraffic_information_msgs__rosidl_generator_c.so[0m
reading manifest file 'traffic_information_msgs.egg-info/SOURCES.txt'
writing manifest file 'traffic_information_msgs.egg-info/SOURCES.txt'
[ 22%] Built target traffic_information_msgs__rosidl_generator_c
[ 22%] Built target ament_cmake_python_build_traffic_information_msgs_egg
[ 32%] [34m[1mGenerating C type support for eProsima Fast-RTPS[0m
[ 32%] [34m[1mGenerating C introspection for ROS interfaces[0m
[ 32%] [34m[1mGenerating C type support dispatch for ROS interfaces[0m
[ 35%] [32mBuilding CXX object CMakeFiles/traffic_information_msgs__rosidl_typesupport_cpp.dir/rosidl_typesupport_cpp/traffic_information_msgs/msg/hook_status__type_support.cpp.o[0m
[ 38%] [32mBuilding CXX object CMakeFiles/traffic_information_msgs__rosidl_typesupport_introspection_cpp.dir/rosidl_typesupport_introspection_cpp/traffic_information_msgs/msg/detail/hook_status__type_support.cpp.o[0m
[ 41%] [32mBuilding CXX object CMakeFiles/traffic_information_msgs__rosidl_typesupport_fastrtps_cpp.dir/rosidl_typesupport_fastrtps_cpp/traffic_information_msgs/msg/detail/dds_fastrtps/hook_status__type_support.cpp.o[0m
[ 45%] [32mBuilding CXX object CMakeFiles/traffic_information_msgs__rosidl_typesupport_c.dir/rosidl_typesupport_c/traffic_information_msgs/msg/hook_status__type_support.cpp.o[0m
[ 48%] [32mBuilding C object CMakeFiles/traffic_information_msgs__rosidl_typesupport_introspection_c.dir/rosidl_typesupport_introspection_c/traffic_information_msgs/msg/detail/hook_status__type_support.c.o[0m
[ 54%] [32m[1mLinking CXX shared library libtraffic_information_msgs__rosidl_typesupport_c.so[0m
[ 54%] [32mBuilding CXX object CMakeFiles/traffic_information_msgs__rosidl_typesupport_fastrtps_c.dir/rosidl_typesupport_fastrtps_c/traffic_information_msgs/msg/detail/hook_status__type_support_c.cpp.o[0m
[ 58%] [32m[1mLinking C shared library libtraffic_information_msgs__rosidl_typesupport_introspection_c.so[0m
[ 58%] Built target traffic_information_msgs__rosidl_typesupport_c
[ 58%] Built target traffic_information_msgs__rosidl_typesupport_introspection_c
[ 61%] [32m[1mLinking CXX shared library libtraffic_information_msgs__rosidl_typesupport_cpp.so[0m
[ 61%] Built target traffic_information_msgs__rosidl_typesupport_cpp
[ 64%] [32m[1mLinking CXX shared library libtraffic_information_msgs__rosidl_typesupport_introspection_cpp.so[0m
[ 67%] [32m[1mLinking CXX shared library libtraffic_information_msgs__rosidl_typesupport_fastrtps_cpp.so[0m
[ 70%] [32m[1mLinking CXX shared library libtraffic_information_msgs__rosidl_typesupport_fastrtps_c.so[0m
[ 70%] Built target traffic_information_msgs__rosidl_typesupport_introspection_cpp
[ 70%] Built target traffic_information_msgs__rosidl_typesupport_fastrtps_cpp
[ 70%] Built target traffic_information_msgs__rosidl_typesupport_fastrtps_c
[ 70%] Built target traffic_information_msgs
[ 74%] [34m[1mGenerating Python code for ROS interfaces[0m
[ 74%] Built target traffic_information_msgs__py
[ 77%] [32mBuilding C object CMakeFiles/traffic_information_msgs__rosidl_generator_py.dir/rosidl_generator_py/traffic_information_msgs/msg/_hook_status_s.c.o[0m
[ 80%] [32m[1mLinking C shared library rosidl_generator_py/traffic_information_msgs/libtraffic_information_msgs__rosidl_generator_py.so[0m
[ 80%] Built target traffic_information_msgs__rosidl_generator_py
[ 90%] [32mBuilding C object CMakeFiles/traffic_information_msgs__rosidl_typesupport_introspection_c__pyext.dir/rosidl_generator_py/traffic_information_msgs/_traffic_information_msgs_s.ep.rosidl_typesupport_introspection_c.c.o[0m
[ 90%] [32mBuilding C object CMakeFiles/traffic_information_msgs__rosidl_typesupport_c__pyext.dir/rosidl_generator_py/traffic_information_msgs/_traffic_information_msgs_s.ep.rosidl_typesupport_c.c.o[0m
[ 90%] [32mBuilding C object CMakeFiles/traffic_information_msgs__rosidl_typesupport_fastrtps_c__pyext.dir/rosidl_generator_py/traffic_information_msgs/_traffic_information_msgs_s.ep.rosidl_typesupport_fastrtps_c.c.o[0m
[100%] [32m[1mLinking C shared library rosidl_generator_py/traffic_information_msgs/traffic_information_msgs_s__rosidl_typesupport_fastrtps_c.cpython-310-x86_64-linux-gnu.so[0m
[100%] [32m[1mLinking C shared library rosidl_generator_py/traffic_information_msgs/traffic_information_msgs_s__rosidl_typesupport_c.cpython-310-x86_64-linux-gnu.so[0m
[100%] [32m[1mLinking C shared library rosidl_generator_py/traffic_information_msgs/traffic_information_msgs_s__rosidl_typesupport_introspection_c.cpython-310-x86_64-linux-gnu.so[0m
[100%] Built target traffic_information_msgs__rosidl_typesupport_introspection_c__pyext
[100%] Built target traffic_information_msgs__rosidl_typesupport_c__pyext
[100%] Built target traffic_information_msgs__rosidl_typesupport_fastrtps_c__pyext
-- Install configuration: ""
-- Installing: /workspace/yolo_inference/install/traffic_information_msgs/share/ament_index/resource_index/rosidl_interfaces/traffic_information_msgs
-- Installing: /workspace/yolo_inference/install/traffic_information_msgs/include/traffic_information_msgs/traffic_information_msgs
-- Installing: /workspace/yolo_inference/install/traffic_information_msgs/include/traffic_information_msgs/traffic_information_msgs/msg
-- Installing: /workspace/yolo_inference/install/traffic_information_msgs/include/traffic_information_msgs/traffic_information_msgs/msg/rosidl_generator_c__visibility_control.h
-- Installing: /workspace/yolo_inference/install/traffic_information_msgs/include/traffic_information_msgs/traffic_information_msgs/msg/hook_status.h
-- Installing: /workspace/yolo_inference/install/traffic_information_msgs/include/traffic_information_msgs/traffic_information_msgs/msg/detail
-- Installing: /workspace/yolo_inference/install/traffic_information_msgs/include/traffic_information_msgs/traffic_information_msgs/msg/detail/hook_status__functions.h
-- Installing: /workspace/yolo_inference/install/traffic_information_msgs/include/traffic_information_msgs/traffic_information_msgs/msg/detail/hook_status__struct.h
-- Installing: /workspace/yolo_inference/install/traffic_information_msgs/include/traffic_information_msgs/traffic_information_msgs/msg/detail/hook_status__type_support.h
-- Installing: /workspace/yolo_inference/install/traffic_information_msgs/include/traffic_information_msgs/traffic_information_msgs/msg/detail/hook_status__functions.c
-- Installing: /workspace/yolo_inference/install/traffic_information_msgs/share/traffic_information_msgs/environment/library_path.sh
-- Installing: /workspace/yolo_inference/install/traffic_information_msgs/share/traffic_information_msgs/environment/library_path.dsv
-- Installing: /workspace/yolo_inference/install/traffic_information_msgs/lib/libtraffic_information_msgs__rosidl_generator_c.so
-- Set runtime path of "/workspace/yolo_inference/install/traffic_information_msgs/lib/libtraffic_information_msgs__rosidl_generator_c.so" to ""
-- Up-to-date: /workspace/yolo_inference/install/traffic_information_msgs/include/traffic_information_msgs/traffic_information_msgs
-- Up-to-date: /workspace/yolo_inference/install/traffic_information_msgs/include/traffic_information_msgs/traffic_information_msgs/msg
-- Installing: /workspace/yolo_inference/install/traffic_information_msgs/include/traffic_information_msgs/traffic_information_msgs/msg/rosidl_typesupport_fastrtps_c__visibility_control.h
-- Up-to-date: /workspace/yolo_inference/install/traffic_information_msgs/include/traffic_information_msgs/traffic_information_msgs/msg/detail
-- Installing: /workspace/yolo_inference/install/traffic_information_msgs/include/traffic_information_msgs/traffic_information_msgs/msg/detail/hook_status__rosidl_typesupport_fastrtps_c.h
-- Installing: /workspace/yolo_inference/install/traffic_information_msgs/lib/libtraffic_information_msgs__rosidl_typesupport_fastrtps_c.so
-- Set runtime path of "/workspace/yolo_inference/install/traffic_information_msgs/lib/libtraffic_information_msgs__rosidl_typesupport_fastrtps_c.so" to ""
-- Up-to-date: /workspace/yolo_inference/install/traffic_information_msgs/include/traffic_information_msgs/traffic_information_msgs
-- Up-to-date: /workspace/yolo_inference/install/traffic_information_msgs/include/traffic_information_msgs/traffic_information_msgs/msg
-- Installing: /workspace/yolo_inference/install/traffic_information_msgs/include/traffic_information_msgs/traffic_information_msgs/msg/hook_status.hpp
-- Installing: /workspace/yolo_inference/install/traffic_information_msgs/include/traffic_information_msgs/traffic_information_msgs/msg/rosidl_generator_cpp__visibility_control.hpp
-- Up-to-date: /workspace/yolo_inference/install/traffic_information_msgs/include/traffic_information_msgs/traffic_information_msgs/msg/detail
-- Installing: /workspace/yolo_inference/install/traffic_information_msgs/include/traffic_information_msgs/traffic_information_msgs/msg/detail/hook_status__traits.hpp
-- Installing: /workspace/yolo_inference/install/traffic_information_msgs/include/traffic_information_msgs/traffic_information_msgs/msg/detail/hook_status__builder.hpp
-- Installing: /workspace/yolo_inference/install/traffic_information_msgs/include/traffic_information_msgs/traffic_information_msgs/msg/detail/hook_status__type_support.hpp
-- Installing: /workspace/yolo_inference/install/traffic_information_msgs/include/traffic_information_msgs/traffic_information_msgs/msg/detail/hook_status__struct.hpp
-- Up-to-date: /workspace/yolo_inference/install/traffic_information_msgs/include/traffic_information_msgs/traffic_information_msgs
-- Up-to-date: /workspace/yolo_inference/install/traffic_information_msgs/include/traffic_information_msgs/traffic_information_msgs/msg
-- Installing: /workspace/yolo_inference/install/traffic_information_msgs/include/traffic_information_msgs/traffic_information_msgs/msg/rosidl_typesupport_fastrtps_cpp__visibility_control.h
-- Up-to-date: /workspace/yolo_inference/install/traffic_information_msgs/include/traffic_information_msgs/traffic_information_msgs/msg/detail
-- Installing: /workspace/yolo_inference/install/traffic_information_msgs/include/traffic_information_msgs/traffic_information_msgs/msg/detail/hook_status__rosidl_typesupport_fastrtps_cpp.hpp
-- Installing: /workspace/yolo_inference/install/traffic_information_msgs/include/traffic_information_msgs/traffic_information_msgs/msg/detail/dds_fastrtps
-- Installing: /workspace/yolo_inference/install/traffic_information_msgs/lib/libtraffic_information_msgs__rosidl_typesupport_fastrtps_cpp.so
-- Set runtime path of "/workspace/yolo_inference/install/traffic_information_msgs/lib/libtraffic_information_msgs__rosidl_typesupport_fastrtps_cpp.so" to ""
-- Up-to-date: /workspace/yolo_inference/install/traffic_information_msgs/include/traffic_information_msgs/traffic_information_msgs
-- Up-to-date: /workspace/yolo_inference/install/traffic_information_msgs/include/traffic_information_msgs/traffic_information_msgs/msg
-- Installing: /workspace/yolo_inference/install/traffic_information_msgs/include/traffic_information_msgs/traffic_information_msgs/msg/rosidl_typesupport_introspection_c__visibility_control.h
-- Up-to-date: /workspace/yolo_inference/install/traffic_information_msgs/include/traffic_information_msgs/traffic_information_msgs/msg/detail
-- Installing: /workspace/yolo_inference/install/traffic_information_msgs/include/traffic_information_msgs/traffic_information_msgs/msg/detail/hook_status__type_support.c
-- Installing: /workspace/yolo_inference/install/traffic_information_msgs/include/traffic_information_msgs/traffic_information_msgs/msg/detail/hook_status__rosidl_typesupport_introspection_c.h
-- Installing: /workspace/yolo_inference/install/traffic_information_msgs/lib/libtraffic_information_msgs__rosidl_typesupport_introspection_c.so
-- Set runtime path of "/workspace/yolo_inference/install/traffic_information_msgs/lib/libtraffic_information_msgs__rosidl_typesupport_introspection_c.so" to ""
-- Installing: /workspace/yolo_inference/install/traffic_information_msgs/lib/libtraffic_information_msgs__rosidl_typesupport_c.so
-- Set runtime path of "/workspace/yolo_inference/install/traffic_information_msgs/lib/libtraffic_information_msgs__rosidl_typesupport_c.so" to ""
-- Up-to-date: /workspace/yolo_inference/install/traffic_information_msgs/include/traffic_information_msgs/traffic_information_msgs
-- Up-to-date: /workspace/yolo_inference/install/traffic_information_msgs/include/traffic_information_msgs/traffic_information_msgs/msg
-- Up-to-date: /workspace/yolo_inference/install/traffic_information_msgs/include/traffic_information_msgs/traffic_information_msgs/msg/detail
-- Installing: /workspace/yolo_inference/install/traffic_information_msgs/include/traffic_information_msgs/traffic_information_msgs/msg/detail/hook_status__type_support.cpp
-- Installing: /workspace/yolo_inference/install/traffic_information_msgs/include/traffic_information_msgs/traffic_information_msgs/msg/detail/hook_status__rosidl_typesupport_introspection_cpp.hpp
-- Installing: /workspace/yolo_inference/install/traffic_information_msgs/lib/libtraffic_information_msgs__rosidl_typesupport_introspection_cpp.so
-- Set runtime path of "/workspace/yolo_inference/install/traffic_information_msgs/lib/libtraffic_information_msgs__rosidl_typesupport_introspection_cpp.so" to ""
-- Installing: /workspace/yolo_inference/install/traffic_information_msgs/lib/libtraffic_information_msgs__rosidl_typesupport_cpp.so
-- Set runtime path of "/workspace/yolo_inference/install/traffic_information_msgs/lib/libtraffic_information_msgs__rosidl_typesupport_cpp.so" to ""
-- Installing: /workspace/yolo_inference/install/traffic_information_msgs/share/traffic_information_msgs/environment/pythonpath.sh
-- Installing: /workspace/yolo_inference/install/traffic_information_msgs/share/traffic_information_msgs/environment/pythonpath.dsv
-- Installing: /workspace/yolo_inference/install/traffic_information_msgs/local/lib/python3.10/dist-packages/traffic_information_msgs-0.0.0-py3.10.egg-info
-- Installing: /workspace/yolo_inference/install/traffic_information_msgs/local/lib/python3.10/dist-packages/traffic_information_msgs-0.0.0-py3.10.egg-info/SOURCES.txt
-- Installing: /workspace/yolo_inference/install/traffic_information_msgs/local/lib/python3.10/dist-packages/traffic_information_msgs-0.0.0-py3.10.egg-info/PKG-INFO
-- Installing: /workspace/yolo_inference/install/traffic_information_msgs/local/lib/python3.10/dist-packages/traffic_information_msgs-0.0.0-py3.10.egg-info/top_level.txt
-- Installing: /workspace/yolo_inference/install/traffic_information_msgs/local/lib/python3.10/dist-packages/traffic_information_msgs-0.0.0-py3.10.egg-info/dependency_links.txt
-- Installing: /workspace/yolo_inference/install/traffic_information_msgs/local/lib/python3.10/dist-packages/traffic_information_msgs
-- Installing: /workspace/yolo_inference/install/traffic_information_msgs/local/lib/python3.10/dist-packages/traffic_information_msgs/_traffic_information_msgs_s.ep.rosidl_typesupport_c.c
-- Installing: /workspace/yolo_inference/install/traffic_information_msgs/local/lib/python3.10/dist-packages/traffic_information_msgs/traffic_information_msgs_s__rosidl_typesupport_fastrtps_c.cpython-310-x86_64-linux-gnu.so
-- Installing: /workspace/yolo_inference/install/traffic_information_msgs/local/lib/python3.10/dist-packages/traffic_information_msgs/_traffic_information_msgs_s.ep.rosidl_typesupport_fastrtps_c.c
-- Installing: /workspace/yolo_inference/install/traffic_information_msgs/local/lib/python3.10/dist-packages/traffic_information_msgs/msg
-- Installing: /workspace/yolo_inference/install/traffic_information_msgs/local/lib/python3.10/dist-packages/traffic_information_msgs/msg/_hook_status.py
-- Installing: /workspace/yolo_inference/install/traffic_information_msgs/local/lib/python3.10/dist-packages/traffic_information_msgs/msg/_hook_status_s.c
-- Installing: /workspace/yolo_inference/install/traffic_information_msgs/local/lib/python3.10/dist-packages/traffic_information_msgs/msg/__init__.py
-- Installing: /workspace/yolo_inference/install/traffic_information_msgs/local/lib/python3.10/dist-packages/traffic_information_msgs/__init__.py
-- Installing: /workspace/yolo_inference/install/traffic_information_msgs/local/lib/python3.10/dist-packages/traffic_information_msgs/traffic_information_msgs_s__rosidl_typesupport_c.cpython-310-x86_64-linux-gnu.so
-- Installing: /workspace/yolo_inference/install/traffic_information_msgs/local/lib/python3.10/dist-packages/traffic_information_msgs/_traffic_information_msgs_s.ep.rosidl_typesupport_introspection_c.c
-- Installing: /workspace/yolo_inference/install/traffic_information_msgs/local/lib/python3.10/dist-packages/traffic_information_msgs/traffic_information_msgs_s__rosidl_typesupport_introspection_c.cpython-310-x86_64-linux-gnu.so
-- Installing: /workspace/yolo_inference/install/traffic_information_msgs/local/lib/python3.10/dist-packages/traffic_information_msgs/libtraffic_information_msgs__rosidl_generator_py.so
Listing '/workspace/yolo_inference/install/traffic_information_msgs/local/lib/python3.10/dist-packages/traffic_information_msgs'...
Compiling '/workspace/yolo_inference/install/traffic_information_msgs/local/lib/python3.10/dist-packages/traffic_information_msgs/__init__.py'...
Listing '/workspace/yolo_inference/install/traffic_information_msgs/local/lib/python3.10/dist-packages/traffic_information_msgs/msg'...
Compiling '/workspace/yolo_inference/install/traffic_information_msgs/local/lib/python3.10/dist-packages/traffic_information_msgs/msg/__init__.py'...
Compiling '/workspace/yolo_inference/install/traffic_information_msgs/local/lib/python3.10/dist-packages/traffic_information_msgs/msg/_hook_status.py'...
-- Installing: /workspace/yolo_inference/install/traffic_information_msgs/local/lib/python3.10/dist-packages/traffic_information_msgs/traffic_information_msgs_s__rosidl_typesupport_fastrtps_c.cpython-310-x86_64-linux-gnu.so
-- Set runtime path of "/workspace/yolo_inference/install/traffic_information_msgs/local/lib/python3.10/dist-packages/traffic_information_msgs/traffic_information_msgs_s__rosidl_typesupport_fastrtps_c.cpython-310-x86_64-linux-gnu.so" to ""
-- Installing: /workspace/yolo_inference/install/traffic_information_msgs/local/lib/python3.10/dist-packages/traffic_information_msgs/traffic_information_msgs_s__rosidl_typesupport_introspection_c.cpython-310-x86_64-linux-gnu.so
-- Set runtime path of "/workspace/yolo_inference/install/traffic_information_msgs/local/lib/python3.10/dist-packages/traffic_information_msgs/traffic_information_msgs_s__rosidl_typesupport_introspection_c.cpython-310-x86_64-linux-gnu.so" to ""
-- Installing: /workspace/yolo_inference/install/traffic_information_msgs/local/lib/python3.10/dist-packages/traffic_information_msgs/traffic_information_msgs_s__rosidl_typesupport_c.cpython-310-x86_64-linux-gnu.so
-- Set runtime path of "/workspace/yolo_inference/install/traffic_information_msgs/local/lib/python3.10/dist-packages/traffic_information_msgs/traffic_information_msgs_s__rosidl_typesupport_c.cpython-310-x86_64-linux-gnu.so" to ""
-- Installing: /workspace/yolo_inference/install/traffic_information_msgs/lib/libtraffic_information_msgs__rosidl_generator_py.so
-- Set runtime path of "/workspace/yolo_inference/install/traffic_information_msgs/lib/libtraffic_information_msgs__rosidl_generator_py.so" to ""
-- Installing: /workspace/yolo_inference/install/traffic_information_msgs/share/traffic_information_msgs/msg/HookStatus.idl
-- Installing: /workspace/yolo_inference/install/traffic_information_msgs/share/traffic_information_msgs/msg/HookStatus.msg
-- Installing: /workspace/yolo_inference/install/traffic_information_msgs/share/ament_index/resource_index/package_run_dependencies/traffic_information_msgs
-- Installing: /workspace/yolo_inference/install/traffic_information_msgs/share/ament_index/resource_index/parent_prefix_path/traffic_information_msgs
-- Installing: /workspace/yolo_inference/install/traffic_information_msgs/share/traffic_information_msgs/environment/ament_prefix_path.sh
-- Installing: /workspace/yolo_inference/install/traffic_information_msgs/share/traffic_information_msgs/environment/ament_prefix_path.dsv
-- Installing: /workspace/yolo_inference/install/traffic_information_msgs/share/traffic_information_msgs/environment/path.sh
-- Installing: /workspace/yolo_inference/install/traffic_information_msgs/share/traffic_information_msgs/environment/path.dsv
-- Installing: /workspace/yolo_inference/install/traffic_information_msgs/share/traffic_information_msgs/local_setup.bash
-- Installing: /workspace/yolo_inference/install/traffic_information_msgs/share/traffic_information_msgs/local_setup.sh
-- Installing: /workspace/yolo_inference/install/traffic_information_msgs/share/traffic_information_msgs/local_setup.zsh
-- Installing: /workspace/yolo_inference/install/traffic_information_msgs/share/traffic_information_msgs/local_setup.dsv
-- Installing: /workspace/yolo_inference/install/traffic_information_msgs/share/traffic_information_msgs/package.dsv
-- Installing: /workspace/yolo_inference/install/traffic_information_msgs/share/ament_index/resource_index/packages/traffic_information_msgs
-- Installing: /workspace/yolo_inference/install/traffic_information_msgs/share/traffic_information_msgs/cmake/export_traffic_information_msgs__rosidl_generator_cExport.cmake
-- Installing: /workspace/yolo_inference/install/traffic_information_msgs/share/traffic_information_msgs/cmake/export_traffic_information_msgs__rosidl_generator_cExport-noconfig.cmake
-- Installing: /workspace/yolo_inference/install/traffic_information_msgs/share/traffic_information_msgs/cmake/export_traffic_information_msgs__rosidl_typesupport_fastrtps_cExport.cmake
-- Installing: /workspace/yolo_inference/install/traffic_information_msgs/share/traffic_information_msgs/cmake/export_traffic_information_msgs__rosidl_typesupport_fastrtps_cExport-noconfig.cmake
-- Installing: /workspace/yolo_inference/install/traffic_information_msgs/share/traffic_information_msgs/cmake/export_traffic_information_msgs__rosidl_generator_cppExport.cmake
-- Installing: /workspace/yolo_inference/install/traffic_information_msgs/share/traffic_information_msgs/cmake/export_traffic_information_msgs__rosidl_typesupport_fastrtps_cppExport.cmake
-- Installing: /workspace/yolo_inference/install/traffic_information_msgs/share/traffic_information_msgs/cmake/export_traffic_information_msgs__rosidl_typesupport_fastrtps_cppExport-noconfig.cmake
-- Installing: /workspace/yolo_inference/install/traffic_information_msgs/share/traffic_information_msgs/cmake/traffic_information_msgs__rosidl_typesupport_introspection_cExport.cmake
-- Installing: /workspace/yolo_inference/install/traffic_information_msgs/share/traffic_information_msgs/cmake/traffic_information_msgs__rosidl_typesupport_introspection_cExport-noconfig.cmake
-- Installing: /workspace/yolo_inference/install/traffic_information_msgs/share/traffic_information_msgs/cmake/traffic_information_msgs__rosidl_typesupport_cExport.cmake
-- Installing: /workspace/yolo_inference/install/traffic_information_msgs/share/traffic_information_msgs/cmake/traffic_information_msgs__rosidl_typesupport_cExport-noconfig.cmake
-- Installing: /workspace/yolo_inference/install/traffic_information_msgs/share/traffic_information_msgs/cmake/traffic_information_msgs__rosidl_typesupport_introspection_cppExport.cmake
-- Installing: /workspace/yolo_inference/install/traffic_information_msgs/share/traffic_information_msgs/cmake/traffic_information_msgs__rosidl_typesupport_introspection_cppExport-noconfig.cmake
-- Installing: /workspace/yolo_inference/install/traffic_information_msgs/share/traffic_information_msgs/cmake/traffic_information_msgs__rosidl_typesupport_cppExport.cmake
-- Installing: /workspace/yolo_inference/install/traffic_information_msgs/share/traffic_information_msgs/cmake/traffic_information_msgs__rosidl_typesupport_cppExport-noconfig.cmake
-- Installing: /workspace/yolo_inference/install/traffic_information_msgs/share/traffic_information_msgs/cmake/export_traffic_information_msgs__rosidl_generator_pyExport.cmake
-- Installing: /workspace/yolo_inference/install/traffic_information_msgs/share/traffic_information_msgs/cmake/export_traffic_information_msgs__rosidl_generator_pyExport-noconfig.cmake
-- Installing: /workspace/yolo_inference/install/traffic_information_msgs/share/traffic_information_msgs/cmake/rosidl_cmake-extras.cmake
-- Installing: /workspace/yolo_inference/install/traffic_information_msgs/share/traffic_information_msgs/cmake/ament_cmake_export_dependencies-extras.cmake
-- Installing: /workspace/yolo_inference/install/traffic_information_msgs/share/traffic_information_msgs/cmake/ament_cmake_export_include_directories-extras.cmake
-- Installing: /workspace/yolo_inference/install/traffic_information_msgs/share/traffic_information_msgs/cmake/ament_cmake_export_libraries-extras.cmake
-- Installing: /workspace/yolo_inference/install/traffic_information_msgs/share/traffic_information_msgs/cmake/ament_cmake_export_targets-extras.cmake
-- Installing: /workspace/yolo_inference/install/traffic_information_msgs/share/traffic_information_msgs/cmake/rosidl_cmake_export_typesupport_targets-extras.cmake
-- Installing: /workspace/yolo_inference/install/traffic_information_msgs/share/traffic_information_msgs/cmake/rosidl_cmake_export_typesupport_libraries-extras.cmake
-- Installing: /workspace/yolo_inference/install/traffic_information_msgs/share/traffic_information_msgs/cmake/traffic_information_msgsConfig.cmake
-- Installing: /workspace/yolo_inference/install/traffic_information_msgs/share/traffic_information_msgs/cmake/traffic_information_msgsConfig-version.cmake
-- Installing: /workspace/yolo_inference/install/traffic_information_msgs/share/traffic_information_msgs/package.xml
