[0.010s] Invoking command in '/workspace/yolo_inference/build/traffic_information_msgs': CMAKE_PREFIX_PATH=/opt/ros/humble /usr/bin/cmake /workspace/yolo_inference/src/custom_interfaces -DCMAKE_INSTALL_PREFIX=/workspace/yolo_inference/install/traffic_information_msgs
[0.060s] -- The C compiler identification is GNU 11.4.0
[0.109s] -- The CXX compiler identification is GNU 11.4.0
[0.116s] -- Detecting C compiler ABI info
[0.181s] -- Detecting C compiler ABI info - done
[0.186s] -- Check for working C compiler: /usr/bin/cc - skipped
[0.186s] -- Detecting C compile features
[0.186s] -- Detecting C compile features - done
[0.189s] -- Detecting CXX compiler ABI info
[0.264s] -- Detecting CXX compiler ABI info - done
[0.269s] -- Check for working CXX compiler: /usr/bin/c++ - skipped
[0.269s] -- Detecting CXX compile features
[0.270s] -- Detecting CXX compile features - done
[0.272s] -- Found ament_cmake: 1.3.11 (/opt/ros/humble/share/ament_cmake/cmake)
[0.619s] -- Found Python3: /usr/bin/python3 (found version "3.10.12") found components: Interpreter 
[0.700s] -- Found std_msgs: 4.8.0 (/opt/ros/humble/share/std_msgs/cmake)
[0.733s] -- Found rosidl_generator_c: 3.1.6 (/opt/ros/humble/share/rosidl_generator_c/cmake)
[0.737s] -- Found rosidl_adapter: 3.1.6 (/opt/ros/humble/share/rosidl_adapter/cmake)
[0.745s] -- Found rosidl_generator_cpp: 3.1.6 (/opt/ros/humble/share/rosidl_generator_cpp/cmake)
[0.757s] -- Using all available rosidl_typesupport_c: rosidl_typesupport_fastrtps_c;rosidl_typesupport_introspection_c
[0.770s] -- Using all available rosidl_typesupport_cpp: rosidl_typesupport_fastrtps_cpp;rosidl_typesupport_introspection_cpp
[0.792s] -- Found geometry_msgs: 4.8.0 (/opt/ros/humble/share/geometry_msgs/cmake)
[0.802s] -- Found rosidl_default_generators: 1.2.0 (/opt/ros/humble/share/rosidl_default_generators/cmake)
[0.810s] -- Found ament_lint_auto: 0.12.12 (/opt/ros/humble/share/ament_lint_auto/cmake)
[0.951s] [31mCMake Error at /opt/ros/humble/share/rosidl_adapter/cmake/rosidl_adapt_interfaces.cmake:59 (message):
[0.951s]   execute_process(/usr/bin/python3 -m rosidl_adapter --package-name
[0.951s]   traffic_information_msgs --arguments-file
[0.951s]   /workspace/yolo_inference/build/traffic_information_msgs/rosidl_adapter__arguments__traffic_information_msgs.json
[0.951s]   --output-dir
[0.951s]   /workspace/yolo_inference/build/traffic_information_msgs/rosidl_adapter/traffic_information_msgs
[0.951s]   --output-file
[0.951s]   /workspace/yolo_inference/build/traffic_information_msgs/rosidl_adapter/traffic_information_msgs.idls)
[0.951s]   returned error code 1:
[0.951s] 
[0.951s]   Error processing 'bool isHooked' of 'traffic_information_msgs/HookStatus':
[0.952s]   ''isHooked' is an invalid field name.  It should have the pattern
[0.952s]   '^(?!.*__)(?!.*_$)[a-z][a-z0-9_]*$''
[0.952s] 
[0.952s]   Traceback (most recent call last):
[0.952s] 
[0.952s]     File "/usr/lib/python3.10/runpy.py", line 196, in _run_module_as_main
[0.952s]       return _run_code(code, main_globals, None,
[0.952s]     File "/usr/lib/python3.10/runpy.py", line 86, in _run_code
[0.952s]       exec(code, run_globals)
[0.952s]     File "/opt/ros/humble/local/lib/python3.10/dist-packages/rosidl_adapter/__main__.py", line 19, in <module>
[0.952s]       sys.exit(main())
[0.952s]     File "/opt/ros/humble/local/lib/python3.10/dist-packages/rosidl_adapter/main.py", line 53, in main
[0.952s]       abs_idl_file = convert_to_idl(
[0.952s]     File "/opt/ros/humble/local/lib/python3.10/dist-packages/rosidl_adapter/__init__.py", line 19, in convert_to_idl
[0.952s]       return convert_msg_to_idl(
[0.952s]     File "/opt/ros/humble/local/lib/python3.10/dist-packages/rosidl_adapter/msg/__init__.py", line 28, in convert_msg_to_idl
[0.952s]       msg = parse_message_string(package_name, input_file.stem, content)
[0.953s]     File "/opt/ros/humble/local/lib/python3.10/dist-packages/rosidl_adapter/parser.py", line 519, in parse_message_string
[0.953s]       fields.append(Field(
[0.953s]     File "/opt/ros/humble/local/lib/python3.10/dist-packages/rosidl_adapter/parser.py", line 354, in __init__
[0.953s]       raise NameError(
[0.953s] 
[0.953s]   NameError: 'isHooked' is an invalid field name.  It should have the pattern
[0.953s]   '^(?!.*__)(?!.*_$)[a-z][a-z0-9_]*$'
[0.953s] 
[0.953s] Call Stack (most recent call first):
[0.953s]   /opt/ros/humble/share/rosidl_cmake/cmake/rosidl_generate_interfaces.cmake:130 (rosidl_adapt_interfaces)
[0.953s]   CMakeLists.txt:28 (rosidl_generate_interfaces)
[0.953s] 
[0.953s] [0m
[0.953s] -- Configuring incomplete, errors occurred!
[0.953s] See also "/workspace/yolo_inference/build/traffic_information_msgs/CMakeFiles/CMakeOutput.log".
[0.958s] Invoked command in '/workspace/yolo_inference/build/traffic_information_msgs' returned '1': CMAKE_PREFIX_PATH=/opt/ros/humble /usr/bin/cmake /workspace/yolo_inference/src/custom_interfaces -DCMAKE_INSTALL_PREFIX=/workspace/yolo_inference/install/traffic_information_msgs
