[0.016s] Invoking command in '/workspace/yolo_inference/build/traffic_information_msgs': CMAKE_PREFIX_PATH=${CMAKE_PREFIX_PATH}:/opt/ros/humble /usr/bin/cmake --build /workspace/yolo_inference/build/traffic_information_msgs -- -j16 -l16
[0.045s] -- Found ament_cmake: 1.3.11 (/opt/ros/humble/share/ament_cmake/cmake)
[0.160s] -- Found std_msgs: 4.8.0 (/opt/ros/humble/share/std_msgs/cmake)
[0.182s] -- Found rosidl_generator_c: 3.1.6 (/opt/ros/humble/share/rosidl_generator_c/cmake)
[0.184s] -- Found rosidl_adapter: 3.1.6 (/opt/ros/humble/share/rosidl_adapter/cmake)
[0.189s] -- Found rosidl_generator_cpp: 3.1.6 (/opt/ros/humble/share/rosidl_generator_cpp/cmake)
[0.196s] -- Using all available rosidl_typesupport_c: rosidl_typesupport_fastrtps_c;rosidl_typesupport_introspection_c
[0.207s] -- Using all available rosidl_typesupport_cpp: rosidl_typesupport_fastrtps_cpp;rosidl_typesupport_introspection_cpp
[0.225s] -- Found geometry_msgs: 4.8.0 (/opt/ros/humble/share/geometry_msgs/cmake)
[0.234s] -- Found rosidl_default_generators: 1.2.0 (/opt/ros/humble/share/rosidl_default_generators/cmake)
[0.239s] -- Found ament_lint_auto: 0.12.12 (/opt/ros/humble/share/ament_lint_auto/cmake)
[0.296s] [31mCMake Error at /opt/ros/humble/share/ament_cmake_core/cmake/core/ament_package_xml.cmake:53 (message):
[0.296s]   ament_package_xml() package name 'traffic_information_msgs' in
[0.296s]   '/package.xml' does not match current PROJECT_NAME 'custom_interfaces'.
[0.296s]   You must call project() with the same package name before.
[0.296s] Call Stack (most recent call first):
[0.296s]   /opt/ros/humble/share/ament_lint_auto/cmake/ament_lint_auto_find_test_dependencies.cmake:31 (ament_package_xml)
[0.296s]   CMakeLists.txt:25 (ament_lint_auto_find_test_dependencies)
[0.296s] 
[0.296s] [0m
[0.296s] -- Configuring incomplete, errors occurred!
[0.296s] See also "/workspace/yolo_inference/build/traffic_information_msgs/CMakeFiles/CMakeOutput.log".
[0.304s] gmake: *** [Makefile:747: cmake_check_build_system] Error 1
[0.308s] Invoked command in '/workspace/yolo_inference/build/traffic_information_msgs' returned '2': CMAKE_PREFIX_PATH=${CMAKE_PREFIX_PATH}:/opt/ros/humble /usr/bin/cmake --build /workspace/yolo_inference/build/traffic_information_msgs -- -j16 -l16
