[0.083s] DEBUG:colcon:Command line arguments: ['/usr/bin/colcon', 'build']
[0.083s] DEBUG:colcon:Parsed command line arguments: Namespace(log_base=None, log_level=None, verb_name='build', build_base='build', install_base='install', merge_install=False, symlink_install=False, test_result_base=None, continue_on_error=False, executor='parallel', parallel_workers=16, event_handlers=None, ignore_user_meta=False, metas=['./colcon.meta'], base_paths=['.'], packages_ignore=None, packages_ignore_regex=None, paths=None, packages_up_to=None, packages_up_to_regex=None, packages_above=None, packages_above_and_dependencies=None, packages_above_depth=None, packages_select_by_dep=None, packages_skip_by_dep=None, packages_skip_up_to=None, packages_select_build_failed=False, packages_skip_build_finished=False, packages_select_test_failures=False, packages_skip_test_passed=False, packages_select=None, packages_skip=None, packages_select_regex=None, packages_skip_regex=None, packages_start=None, packages_end=None, allow_overriding=[], cmake_args=None, cmake_target=None, cmake_target_skip_unavailable=False, cmake_clean_cache=False, cmake_clean_first=False, cmake_force_configure=False, ament_cmake_args=None, catkin_cmake_args=None, catkin_skip_building_tests=False, verb_parser=<colcon_defaults.argument_parser.defaults.DefaultArgumentsDecorator object at 0x721f12628c70>, verb_extension=<colcon_core.verb.build.BuildVerb object at 0x721f12792770>, main=<bound method BuildVerb.main of <colcon_core.verb.build.BuildVerb object at 0x721f12792770>>)
[0.114s] Level 1:colcon.colcon_core.package_discovery:discover_packages(colcon_meta) check parameters
[0.114s] Level 1:colcon.colcon_core.package_discovery:discover_packages(recursive) check parameters
[0.114s] Level 1:colcon.colcon_core.package_discovery:discover_packages(ignore) check parameters
[0.114s] Level 1:colcon.colcon_core.package_discovery:discover_packages(path) check parameters
[0.114s] Level 1:colcon.colcon_core.package_discovery:discover_packages(colcon_meta) discover
[0.114s] Level 1:colcon.colcon_core.package_discovery:discover_packages(recursive) discover
[0.114s] INFO:colcon.colcon_core.package_discovery:Crawling recursively for packages in '/workspace/yolo_inference'
[0.114s] Level 1:colcon.colcon_core.package_identification:_identify(.) by extensions ['ignore', 'ignore_ament_install']
[0.114s] Level 1:colcon.colcon_core.package_identification:_identify(.) by extension 'ignore'
[0.114s] Level 1:colcon.colcon_core.package_identification:_identify(.) by extension 'ignore_ament_install'
[0.114s] Level 1:colcon.colcon_core.package_identification:_identify(.) by extensions ['colcon_pkg']
[0.115s] Level 1:colcon.colcon_core.package_identification:_identify(.) by extension 'colcon_pkg'
[0.115s] Level 1:colcon.colcon_core.package_identification:_identify(.) by extensions ['colcon_meta']
[0.115s] Level 1:colcon.colcon_core.package_identification:_identify(.) by extension 'colcon_meta'
[0.115s] Level 1:colcon.colcon_core.package_identification:_identify(.) by extensions ['ros']
[0.115s] Level 1:colcon.colcon_core.package_identification:_identify(.) by extension 'ros'
[0.126s] Level 1:colcon.colcon_core.package_identification:_identify(.) by extensions ['cmake', 'python']
[0.126s] Level 1:colcon.colcon_core.package_identification:_identify(.) by extension 'cmake'
[0.126s] Level 1:colcon.colcon_core.package_identification:_identify(.) by extension 'python'
[0.126s] Level 1:colcon.colcon_core.package_identification:_identify(.) by extensions ['python_setup_py']
[0.126s] Level 1:colcon.colcon_core.package_identification:_identify(.) by extension 'python_setup_py'
[0.126s] Level 1:colcon.colcon_core.package_identification:_identify(__pycache__) by extensions ['ignore', 'ignore_ament_install']
[0.126s] Level 1:colcon.colcon_core.package_identification:_identify(__pycache__) by extension 'ignore'
[0.126s] Level 1:colcon.colcon_core.package_identification:_identify(__pycache__) by extension 'ignore_ament_install'
[0.126s] Level 1:colcon.colcon_core.package_identification:_identify(__pycache__) by extensions ['colcon_pkg']
[0.126s] Level 1:colcon.colcon_core.package_identification:_identify(__pycache__) by extension 'colcon_pkg'
[0.126s] Level 1:colcon.colcon_core.package_identification:_identify(__pycache__) by extensions ['colcon_meta']
[0.126s] Level 1:colcon.colcon_core.package_identification:_identify(__pycache__) by extension 'colcon_meta'
[0.126s] Level 1:colcon.colcon_core.package_identification:_identify(__pycache__) by extensions ['ros']
[0.126s] Level 1:colcon.colcon_core.package_identification:_identify(__pycache__) by extension 'ros'
[0.126s] Level 1:colcon.colcon_core.package_identification:_identify(__pycache__) by extensions ['cmake', 'python']
[0.126s] Level 1:colcon.colcon_core.package_identification:_identify(__pycache__) by extension 'cmake'
[0.127s] Level 1:colcon.colcon_core.package_identification:_identify(__pycache__) by extension 'python'
[0.127s] Level 1:colcon.colcon_core.package_identification:_identify(__pycache__) by extensions ['python_setup_py']
[0.127s] Level 1:colcon.colcon_core.package_identification:_identify(__pycache__) by extension 'python_setup_py'
[0.127s] Level 1:colcon.colcon_core.package_identification:_identify(build) by extensions ['ignore', 'ignore_ament_install']
[0.127s] Level 1:colcon.colcon_core.package_identification:_identify(build) by extension 'ignore'
[0.127s] Level 1:colcon.colcon_core.package_identification:_identify(build) ignored
[0.127s] Level 1:colcon.colcon_core.package_identification:_identify(install) by extensions ['ignore', 'ignore_ament_install']
[0.127s] Level 1:colcon.colcon_core.package_identification:_identify(install) by extension 'ignore'
[0.127s] Level 1:colcon.colcon_core.package_identification:_identify(install) ignored
[0.127s] Level 1:colcon.colcon_core.package_identification:_identify(log) by extensions ['ignore', 'ignore_ament_install']
[0.127s] Level 1:colcon.colcon_core.package_identification:_identify(log) by extension 'ignore'
[0.127s] Level 1:colcon.colcon_core.package_identification:_identify(log) ignored
[0.127s] Level 1:colcon.colcon_core.package_identification:_identify(src) by extensions ['ignore', 'ignore_ament_install']
[0.127s] Level 1:colcon.colcon_core.package_identification:_identify(src) by extension 'ignore'
[0.127s] Level 1:colcon.colcon_core.package_identification:_identify(src) by extension 'ignore_ament_install'
[0.127s] Level 1:colcon.colcon_core.package_identification:_identify(src) by extensions ['colcon_pkg']
[0.127s] Level 1:colcon.colcon_core.package_identification:_identify(src) by extension 'colcon_pkg'
[0.127s] Level 1:colcon.colcon_core.package_identification:_identify(src) by extensions ['colcon_meta']
[0.127s] Level 1:colcon.colcon_core.package_identification:_identify(src) by extension 'colcon_meta'
[0.127s] Level 1:colcon.colcon_core.package_identification:_identify(src) by extensions ['ros']
[0.127s] Level 1:colcon.colcon_core.package_identification:_identify(src) by extension 'ros'
[0.127s] Level 1:colcon.colcon_core.package_identification:_identify(src) by extensions ['cmake', 'python']
[0.127s] Level 1:colcon.colcon_core.package_identification:_identify(src) by extension 'cmake'
[0.127s] Level 1:colcon.colcon_core.package_identification:_identify(src) by extension 'python'
[0.128s] Level 1:colcon.colcon_core.package_identification:_identify(src) by extensions ['python_setup_py']
[0.128s] Level 1:colcon.colcon_core.package_identification:_identify(src) by extension 'python_setup_py'
[0.128s] Level 1:colcon.colcon_core.package_identification:_identify(src/custom_interfaces) by extensions ['ignore', 'ignore_ament_install']
[0.128s] Level 1:colcon.colcon_core.package_identification:_identify(src/custom_interfaces) by extension 'ignore'
[0.128s] Level 1:colcon.colcon_core.package_identification:_identify(src/custom_interfaces) by extension 'ignore_ament_install'
[0.128s] Level 1:colcon.colcon_core.package_identification:_identify(src/custom_interfaces) by extensions ['colcon_pkg']
[0.128s] Level 1:colcon.colcon_core.package_identification:_identify(src/custom_interfaces) by extension 'colcon_pkg'
[0.128s] Level 1:colcon.colcon_core.package_identification:_identify(src/custom_interfaces) by extensions ['colcon_meta']
[0.128s] Level 1:colcon.colcon_core.package_identification:_identify(src/custom_interfaces) by extension 'colcon_meta'
[0.128s] Level 1:colcon.colcon_core.package_identification:_identify(src/custom_interfaces) by extensions ['ros']
[0.128s] Level 1:colcon.colcon_core.package_identification:_identify(src/custom_interfaces) by extension 'ros'
[0.130s] DEBUG:colcon.colcon_core.package_identification:Package 'src/custom_interfaces' with type 'ros.ament_cmake' and name 'traffic_information_msgs'
[0.130s] Level 1:colcon.colcon_core.package_identification:_identify(weights_hook_east) by extensions ['ignore', 'ignore_ament_install']
[0.130s] Level 1:colcon.colcon_core.package_identification:_identify(weights_hook_east) by extension 'ignore'
[0.130s] Level 1:colcon.colcon_core.package_identification:_identify(weights_hook_east) by extension 'ignore_ament_install'
[0.130s] Level 1:colcon.colcon_core.package_identification:_identify(weights_hook_east) by extensions ['colcon_pkg']
[0.130s] Level 1:colcon.colcon_core.package_identification:_identify(weights_hook_east) by extension 'colcon_pkg'
[0.130s] Level 1:colcon.colcon_core.package_identification:_identify(weights_hook_east) by extensions ['colcon_meta']
[0.130s] Level 1:colcon.colcon_core.package_identification:_identify(weights_hook_east) by extension 'colcon_meta'
[0.130s] Level 1:colcon.colcon_core.package_identification:_identify(weights_hook_east) by extensions ['ros']
[0.130s] Level 1:colcon.colcon_core.package_identification:_identify(weights_hook_east) by extension 'ros'
[0.130s] Level 1:colcon.colcon_core.package_identification:_identify(weights_hook_east) by extensions ['cmake', 'python']
[0.130s] Level 1:colcon.colcon_core.package_identification:_identify(weights_hook_east) by extension 'cmake'
[0.130s] Level 1:colcon.colcon_core.package_identification:_identify(weights_hook_east) by extension 'python'
[0.130s] Level 1:colcon.colcon_core.package_identification:_identify(weights_hook_east) by extensions ['python_setup_py']
[0.130s] Level 1:colcon.colcon_core.package_identification:_identify(weights_hook_east) by extension 'python_setup_py'
[0.130s] Level 1:colcon.colcon_core.package_identification:_identify(weights_hook_west) by extensions ['ignore', 'ignore_ament_install']
[0.130s] Level 1:colcon.colcon_core.package_identification:_identify(weights_hook_west) by extension 'ignore'
[0.130s] Level 1:colcon.colcon_core.package_identification:_identify(weights_hook_west) by extension 'ignore_ament_install'
[0.130s] Level 1:colcon.colcon_core.package_identification:_identify(weights_hook_west) by extensions ['colcon_pkg']
[0.130s] Level 1:colcon.colcon_core.package_identification:_identify(weights_hook_west) by extension 'colcon_pkg'
[0.131s] Level 1:colcon.colcon_core.package_identification:_identify(weights_hook_west) by extensions ['colcon_meta']
[0.131s] Level 1:colcon.colcon_core.package_identification:_identify(weights_hook_west) by extension 'colcon_meta'
[0.131s] Level 1:colcon.colcon_core.package_identification:_identify(weights_hook_west) by extensions ['ros']
[0.131s] Level 1:colcon.colcon_core.package_identification:_identify(weights_hook_west) by extension 'ros'
[0.131s] Level 1:colcon.colcon_core.package_identification:_identify(weights_hook_west) by extensions ['cmake', 'python']
[0.131s] Level 1:colcon.colcon_core.package_identification:_identify(weights_hook_west) by extension 'cmake'
[0.131s] Level 1:colcon.colcon_core.package_identification:_identify(weights_hook_west) by extension 'python'
[0.131s] Level 1:colcon.colcon_core.package_identification:_identify(weights_hook_west) by extensions ['python_setup_py']
[0.131s] Level 1:colcon.colcon_core.package_identification:_identify(weights_hook_west) by extension 'python_setup_py'
[0.131s] Level 1:colcon.colcon_core.package_identification:_identify(weights_hook_west_multiclass) by extensions ['ignore', 'ignore_ament_install']
[0.131s] Level 1:colcon.colcon_core.package_identification:_identify(weights_hook_west_multiclass) by extension 'ignore'
[0.131s] Level 1:colcon.colcon_core.package_identification:_identify(weights_hook_west_multiclass) by extension 'ignore_ament_install'
[0.131s] Level 1:colcon.colcon_core.package_identification:_identify(weights_hook_west_multiclass) by extensions ['colcon_pkg']
[0.131s] Level 1:colcon.colcon_core.package_identification:_identify(weights_hook_west_multiclass) by extension 'colcon_pkg'
[0.131s] Level 1:colcon.colcon_core.package_identification:_identify(weights_hook_west_multiclass) by extensions ['colcon_meta']
[0.131s] Level 1:colcon.colcon_core.package_identification:_identify(weights_hook_west_multiclass) by extension 'colcon_meta'
[0.131s] Level 1:colcon.colcon_core.package_identification:_identify(weights_hook_west_multiclass) by extensions ['ros']
[0.131s] Level 1:colcon.colcon_core.package_identification:_identify(weights_hook_west_multiclass) by extension 'ros'
[0.131s] Level 1:colcon.colcon_core.package_identification:_identify(weights_hook_west_multiclass) by extensions ['cmake', 'python']
[0.131s] Level 1:colcon.colcon_core.package_identification:_identify(weights_hook_west_multiclass) by extension 'cmake'
[0.131s] Level 1:colcon.colcon_core.package_identification:_identify(weights_hook_west_multiclass) by extension 'python'
[0.131s] Level 1:colcon.colcon_core.package_identification:_identify(weights_hook_west_multiclass) by extensions ['python_setup_py']
[0.131s] Level 1:colcon.colcon_core.package_identification:_identify(weights_hook_west_multiclass) by extension 'python_setup_py'
[0.131s] Level 1:colcon.colcon_core.package_identification:_identify(weights_ladle_east) by extensions ['ignore', 'ignore_ament_install']
[0.131s] Level 1:colcon.colcon_core.package_identification:_identify(weights_ladle_east) by extension 'ignore'
[0.131s] Level 1:colcon.colcon_core.package_identification:_identify(weights_ladle_east) by extension 'ignore_ament_install'
[0.131s] Level 1:colcon.colcon_core.package_identification:_identify(weights_ladle_east) by extensions ['colcon_pkg']
[0.131s] Level 1:colcon.colcon_core.package_identification:_identify(weights_ladle_east) by extension 'colcon_pkg'
[0.131s] Level 1:colcon.colcon_core.package_identification:_identify(weights_ladle_east) by extensions ['colcon_meta']
[0.131s] Level 1:colcon.colcon_core.package_identification:_identify(weights_ladle_east) by extension 'colcon_meta'
[0.132s] Level 1:colcon.colcon_core.package_identification:_identify(weights_ladle_east) by extensions ['ros']
[0.132s] Level 1:colcon.colcon_core.package_identification:_identify(weights_ladle_east) by extension 'ros'
[0.132s] Level 1:colcon.colcon_core.package_identification:_identify(weights_ladle_east) by extensions ['cmake', 'python']
[0.132s] Level 1:colcon.colcon_core.package_identification:_identify(weights_ladle_east) by extension 'cmake'
[0.132s] Level 1:colcon.colcon_core.package_identification:_identify(weights_ladle_east) by extension 'python'
[0.132s] Level 1:colcon.colcon_core.package_identification:_identify(weights_ladle_east) by extensions ['python_setup_py']
[0.132s] Level 1:colcon.colcon_core.package_identification:_identify(weights_ladle_east) by extension 'python_setup_py'
[0.132s] Level 1:colcon.colcon_core.package_identification:_identify(weights_ladle_west) by extensions ['ignore', 'ignore_ament_install']
[0.132s] Level 1:colcon.colcon_core.package_identification:_identify(weights_ladle_west) by extension 'ignore'
[0.132s] Level 1:colcon.colcon_core.package_identification:_identify(weights_ladle_west) by extension 'ignore_ament_install'
[0.132s] Level 1:colcon.colcon_core.package_identification:_identify(weights_ladle_west) by extensions ['colcon_pkg']
[0.132s] Level 1:colcon.colcon_core.package_identification:_identify(weights_ladle_west) by extension 'colcon_pkg'
[0.132s] Level 1:colcon.colcon_core.package_identification:_identify(weights_ladle_west) by extensions ['colcon_meta']
[0.132s] Level 1:colcon.colcon_core.package_identification:_identify(weights_ladle_west) by extension 'colcon_meta'
[0.132s] Level 1:colcon.colcon_core.package_identification:_identify(weights_ladle_west) by extensions ['ros']
[0.132s] Level 1:colcon.colcon_core.package_identification:_identify(weights_ladle_west) by extension 'ros'
[0.132s] Level 1:colcon.colcon_core.package_identification:_identify(weights_ladle_west) by extensions ['cmake', 'python']
[0.132s] Level 1:colcon.colcon_core.package_identification:_identify(weights_ladle_west) by extension 'cmake'
[0.132s] Level 1:colcon.colcon_core.package_identification:_identify(weights_ladle_west) by extension 'python'
[0.132s] Level 1:colcon.colcon_core.package_identification:_identify(weights_ladle_west) by extensions ['python_setup_py']
[0.132s] Level 1:colcon.colcon_core.package_identification:_identify(weights_ladle_west) by extension 'python_setup_py'
[0.132s] Level 1:colcon.colcon_core.package_discovery:discover_packages(recursive) using defaults
[0.132s] Level 1:colcon.colcon_core.package_discovery:discover_packages(ignore) discover
[0.132s] Level 1:colcon.colcon_core.package_discovery:discover_packages(ignore) using defaults
[0.132s] Level 1:colcon.colcon_core.package_discovery:discover_packages(path) discover
[0.132s] Level 1:colcon.colcon_core.package_discovery:discover_packages(path) using defaults
[0.147s] Level 1:colcon.colcon_core.package_discovery:discover_packages(prefix_path) check parameters
[0.148s] Level 1:colcon.colcon_core.package_discovery:discover_packages(prefix_path) discover
[0.150s] DEBUG:colcon.colcon_installed_package_information.package_discovery:Found 327 installed packages in /opt/ros/humble
[0.151s] Level 1:colcon.colcon_core.package_discovery:discover_packages(prefix_path) using defaults
[0.184s] Level 5:colcon.colcon_core.verb:set package 'traffic_information_msgs' build argument 'cmake_args' from command line to 'None'
[0.184s] Level 5:colcon.colcon_core.verb:set package 'traffic_information_msgs' build argument 'cmake_target' from command line to 'None'
[0.184s] Level 5:colcon.colcon_core.verb:set package 'traffic_information_msgs' build argument 'cmake_target_skip_unavailable' from command line to 'False'
[0.184s] Level 5:colcon.colcon_core.verb:set package 'traffic_information_msgs' build argument 'cmake_clean_cache' from command line to 'False'
[0.184s] Level 5:colcon.colcon_core.verb:set package 'traffic_information_msgs' build argument 'cmake_clean_first' from command line to 'False'
[0.184s] Level 5:colcon.colcon_core.verb:set package 'traffic_information_msgs' build argument 'cmake_force_configure' from command line to 'False'
[0.184s] Level 5:colcon.colcon_core.verb:set package 'traffic_information_msgs' build argument 'ament_cmake_args' from command line to 'None'
[0.184s] Level 5:colcon.colcon_core.verb:set package 'traffic_information_msgs' build argument 'catkin_cmake_args' from command line to 'None'
[0.184s] Level 5:colcon.colcon_core.verb:set package 'traffic_information_msgs' build argument 'catkin_skip_building_tests' from command line to 'False'
[0.184s] DEBUG:colcon.colcon_core.verb:Building package 'traffic_information_msgs' with the following arguments: {'ament_cmake_args': None, 'build_base': '/workspace/yolo_inference/build/traffic_information_msgs', 'catkin_cmake_args': None, 'catkin_skip_building_tests': False, 'cmake_args': None, 'cmake_clean_cache': False, 'cmake_clean_first': False, 'cmake_force_configure': False, 'cmake_target': None, 'cmake_target_skip_unavailable': False, 'install_base': '/workspace/yolo_inference/install/traffic_information_msgs', 'merge_install': False, 'path': '/workspace/yolo_inference/src/custom_interfaces', 'symlink_install': False, 'test_result_base': None}
[0.184s] INFO:colcon.colcon_core.executor:Executing jobs using 'parallel' executor
[0.185s] DEBUG:colcon.colcon_parallel_executor.executor.parallel:run_until_complete
[0.185s] INFO:colcon.colcon_ros.task.ament_cmake.build:Building ROS package in '/workspace/yolo_inference/src/custom_interfaces' with build type 'ament_cmake'
[0.186s] INFO:colcon.colcon_cmake.task.cmake.build:Building CMake package in '/workspace/yolo_inference/src/custom_interfaces'
[0.187s] INFO:colcon.colcon_core.plugin_system:Skipping extension 'colcon_core.shell.bat': Not used on non-Windows systems
[0.188s] INFO:colcon.colcon_core.shell:Skip shell extension 'powershell' for command environment: Not usable outside of PowerShell
[0.188s] DEBUG:colcon.colcon_core.shell:Skip shell extension 'dsv' for command environment
[0.196s] DEBUG:colcon.colcon_core.event_handler.log_command:Invoking command in '/workspace/yolo_inference/build/traffic_information_msgs': CMAKE_PREFIX_PATH=/opt/ros/humble /usr/bin/cmake /workspace/yolo_inference/src/custom_interfaces -DCMAKE_INSTALL_PREFIX=/workspace/yolo_inference/install/traffic_information_msgs
[1.144s] DEBUG:colcon.colcon_core.event_handler.log_command:Invoked command in '/workspace/yolo_inference/build/traffic_information_msgs' returned '1': CMAKE_PREFIX_PATH=/opt/ros/humble /usr/bin/cmake /workspace/yolo_inference/src/custom_interfaces -DCMAKE_INSTALL_PREFIX=/workspace/yolo_inference/install/traffic_information_msgs
[1.156s] Level 1:colcon.colcon_core.environment:create_environment_scripts_only(traffic_information_msgs)
[1.158s] Level 1:colcon.colcon_core.environment:checking '/workspace/yolo_inference/install/traffic_information_msgs' for CMake module files
[1.158s] Level 1:colcon.colcon_core.environment:checking '/workspace/yolo_inference/install/traffic_information_msgs' for CMake config files
[1.159s] Level 1:colcon.colcon_core.environment:checking '/workspace/yolo_inference/install/traffic_information_msgs/bin'
[1.159s] Level 1:colcon.colcon_core.environment:checking '/workspace/yolo_inference/install/traffic_information_msgs/lib/pkgconfig/traffic_information_msgs.pc'
[1.159s] Level 1:colcon.colcon_core.environment:checking '/workspace/yolo_inference/install/traffic_information_msgs/lib/python3.10/site-packages'
[1.159s] Level 1:colcon.colcon_core.environment:checking '/workspace/yolo_inference/install/traffic_information_msgs/bin'
[1.159s] INFO:colcon.colcon_core.shell:Creating package script '/workspace/yolo_inference/install/traffic_information_msgs/share/traffic_information_msgs/package.ps1'
[1.160s] INFO:colcon.colcon_core.shell:Creating package descriptor '/workspace/yolo_inference/install/traffic_information_msgs/share/traffic_information_msgs/package.dsv'
[1.161s] INFO:colcon.colcon_core.shell:Creating package script '/workspace/yolo_inference/install/traffic_information_msgs/share/traffic_information_msgs/package.sh'
[1.161s] INFO:colcon.colcon_core.shell:Creating package script '/workspace/yolo_inference/install/traffic_information_msgs/share/traffic_information_msgs/package.bash'
[1.162s] INFO:colcon.colcon_core.shell:Creating package script '/workspace/yolo_inference/install/traffic_information_msgs/share/traffic_information_msgs/package.zsh'
[1.162s] Level 1:colcon.colcon_core.environment:create_file_with_runtime_dependencies(/workspace/yolo_inference/install/traffic_information_msgs/share/colcon-core/packages/traffic_information_msgs)
[1.172s] DEBUG:colcon.colcon_parallel_executor.executor.parallel:closing loop
[1.173s] DEBUG:colcon.colcon_parallel_executor.executor.parallel:loop closed
[1.173s] DEBUG:colcon.colcon_parallel_executor.executor.parallel:run_until_complete finished with '1'
[1.173s] DEBUG:colcon.colcon_core.event_reactor:joining thread
[1.178s] INFO:colcon.colcon_core.plugin_system:Skipping extension 'colcon_notification.desktop_notification.notify_send': Could not find 'notify-send'
[1.178s] INFO:colcon.colcon_core.plugin_system:Skipping extension 'colcon_notification.desktop_notification.terminal_notifier': Not used on non-Darwin systems
[1.178s] INFO:colcon.colcon_core.plugin_system:Skipping extension 'colcon_notification.desktop_notification.win32': Not used on non-Windows systems
[1.179s] INFO:colcon.colcon_notification.desktop_notification:Sending desktop notification using 'notify2'
[1.182s] DEBUG:colcon.colcon_notification.desktop_notification.notify2:Failed to initialize notify2: org.freedesktop.DBus.Error.Spawn.ExecFailed: /usr/bin/dbus-launch terminated abnormally without any error message
[1.182s] DEBUG:colcon.colcon_core.event_reactor:joined thread
[1.183s] INFO:colcon.colcon_core.shell:Creating prefix script '/workspace/yolo_inference/install/local_setup.ps1'
[1.184s] INFO:colcon.colcon_core.shell:Creating prefix util module '/workspace/yolo_inference/install/_local_setup_util_ps1.py'
[1.185s] INFO:colcon.colcon_core.shell:Creating prefix chain script '/workspace/yolo_inference/install/setup.ps1'
[1.186s] INFO:colcon.colcon_core.shell:Creating prefix script '/workspace/yolo_inference/install/local_setup.sh'
[1.187s] INFO:colcon.colcon_core.shell:Creating prefix util module '/workspace/yolo_inference/install/_local_setup_util_sh.py'
[1.187s] INFO:colcon.colcon_core.shell:Creating prefix chain script '/workspace/yolo_inference/install/setup.sh'
[1.188s] INFO:colcon.colcon_core.shell:Creating prefix script '/workspace/yolo_inference/install/local_setup.bash'
[1.188s] INFO:colcon.colcon_core.shell:Creating prefix chain script '/workspace/yolo_inference/install/setup.bash'
[1.189s] INFO:colcon.colcon_core.shell:Creating prefix script '/workspace/yolo_inference/install/local_setup.zsh'
[1.189s] INFO:colcon.colcon_core.shell:Creating prefix chain script '/workspace/yolo_inference/install/setup.zsh'
